<?xml version="1.0" encoding="UTF-8"?>
<testsuite name="com.relationship.server.ServerApplicationTests" tests="1" skipped="0" failures="0" errors="0" timestamp="2018-12-21T03:32:33" hostname="/0:0:0:0:0:0:0:1%lo" time="0.144">
  <properties/>
  <testcase name="contextLoads" classname="com.relationship.server.ServerApplicationTests" time="0.144"/>
  <system-out><![CDATA[11:32:12.164 [Test worker] DEBUG org.springframework.test.context.junit4.SpringJUnit4ClassRunner - SpringJUnit4ClassRunner constructor called with [class com.relationship.server.ServerApplicationTests]
11:32:12.195 [Test worker] DEBUG org.springframework.test.context.BootstrapUtils - Instantiating CacheAwareContextLoaderDelegate from class [org.springframework.test.context.cache.DefaultCacheAwareContextLoaderDelegate]
11:32:12.212 [Test worker] DEBUG org.springframework.test.context.BootstrapUtils - Instantiating BootstrapContext using constructor [public org.springframework.test.context.support.DefaultBootstrapContext(java.lang.Class,org.springframework.test.context.CacheAwareContextLoaderDelegate)]
11:32:12.282 [Test worker] DEBUG org.springframework.test.context.BootstrapUtils - Instantiating TestContextBootstrapper for test class [com.relationship.server.ServerApplicationTests] from class [org.springframework.boot.test.context.SpringBootTestContextBootstrapper]
11:32:12.334 [Test worker] INFO org.springframework.boot.test.context.SpringBootTestContextBootstrapper - Neither @ContextConfiguration nor @ContextHierarchy found for test class [com.relationship.server.ServerApplicationTests], using SpringBootContextLoader
11:32:12.343 [Test worker] DEBUG org.springframework.test.context.support.AbstractContextLoader - Did not detect default resource location for test class [com.relationship.server.ServerApplicationTests]: class path resource [com/relationship/server/ServerApplicationTests-context.xml] does not exist
11:32:12.346 [Test worker] DEBUG org.springframework.test.context.support.AbstractContextLoader - Did not detect default resource location for test class [com.relationship.server.ServerApplicationTests]: class path resource [com/relationship/server/ServerApplicationTestsContext.groovy] does not exist
11:32:12.350 [Test worker] INFO org.springframework.test.context.support.AbstractContextLoader - Could not detect default resource locations for test class [com.relationship.server.ServerApplicationTests]: no resource found for suffixes {-context.xml, Context.groovy}.
11:32:12.356 [Test worker] INFO org.springframework.test.context.support.AnnotationConfigContextLoaderUtils - Could not detect default configuration classes for test class [com.relationship.server.ServerApplicationTests]: ServerApplicationTests does not declare any static, non-private, non-final, nested classes annotated with @Configuration.
11:32:12.512 [Test worker] DEBUG org.springframework.test.context.support.ActiveProfilesUtils - Could not find an 'annotation declaring class' for annotation type [org.springframework.test.context.ActiveProfiles] and class [com.relationship.server.ServerApplicationTests]
11:32:12.529 [Test worker] DEBUG org.springframework.core.env.StandardEnvironment - Adding PropertySource 'systemProperties' with lowest search precedence
11:32:12.530 [Test worker] DEBUG org.springframework.core.env.StandardEnvironment - Adding PropertySource 'systemEnvironment' with lowest search precedence
11:32:12.557 [Test worker] DEBUG org.springframework.core.env.StandardEnvironment - Initialized StandardEnvironment with PropertySources [MapPropertySource@1313239952 {name='systemProperties', properties={java.runtime.name=Java(TM) SE Runtime Environment, sun.boot.library.path=/usr/java/jdk1.8.0_181-amd64/jre/lib/amd64, java.vm.version=25.181-b13, java.vm.vendor=Oracle Corporation, java.vendor.url=http://java.oracle.com/, path.separator=:, java.vm.name=Java HotSpot(TM) 64-Bit Server VM, file.encoding.pkg=sun.io, sun.java.launcher=SUN_STANDARD, user.country=CN, sun.os.patch.level=unknown, java.vm.specification.name=Java Virtual Machine Specification, user.dir=/home/aptx/File/java/server_relationship, java.runtime.version=1.8.0_181-b13, java.awt.graphicsenv=sun.awt.X11GraphicsEnvironment, java.endorsed.dirs=/usr/java/jdk1.8.0_181-amd64/jre/lib/endorsed, os.arch=amd64, java.io.tmpdir=/tmp, line.separator=
, java.vm.specification.vendor=Oracle Corporation, user.variant=, os.name=Linux, sun.jnu.encoding=UTF-8, java.library.path=/usr/java/packages/lib/amd64:/usr/lib64:/lib64:/lib:/usr/lib, java.specification.name=Java Platform API Specification, java.class.version=52.0, org.gradle.native=false, sun.management.compiler=HotSpot 64-Bit Tiered Compilers, os.version=4.12.14-lp150.12.28-default, user.home=/home/aptx, user.timezone=Asia/Shanghai, java.awt.printerjob=sun.print.PSPrinterJob, file.encoding=UTF-8, java.specification.version=1.8, java.class.path=/home/aptx/File/java/server_relationship/build/classes/java/test:/home/aptx/File/java/server_relationship/build/resources/test:/home/aptx/File/java/server_relationship/build/classes/java/main:/home/aptx/File/java/server_relationship/build/resources/main:/home/aptx/.gradle/caches/modules-2/files-2.1/org.springframework.boot/spring-boot-starter-web/2.0.2.RELEASE/b6ef0cf4d0a7c6c7e93ff524b84cd1d8f87f67d9/spring-boot-starter-web-2.0.2.RELEASE.jar:/home/aptx/.gradle/caches/modules-2/files-2.1/org.springframework.boot/spring-boot-starter-data-neo4j/2.0.2.RELEASE/f2af89ecdc40b3e3db863212d5de15753c688894/spring-boot-starter-data-neo4j-2.0.2.RELEASE.jar:/home/aptx/.gradle/caches/modules-2/files-2.1/org.neo4j/neo4j-ogm-http-driver/3.1.0/2567a9cb3df440df21b30e8484e3bacf09182a8c/neo4j-ogm-http-driver-3.1.0.jar:/home/aptx/.gradle/caches/modules-2/files-2.1/org.springframework.boot/spring-boot-starter-data-jpa/2.0.2.RELEASE/a277d15c247684aaef38852a2e71b8b1ef7357e6/spring-boot-starter-data-jpa-2.0.2.RELEASE.jar:/home/aptx/.gradle/caches/modules-2/files-2.1/com.google.code.gson/gson/2.6.2/f1bc476cc167b18e66c297df599b2377131a8947/gson-2.6.2.jar:/home/aptx/.gradle/caches/modules-2/files-2.1/io.jsonwebtoken/jjwt/0.9.0/64e3ed8a5f0bc93ecea592a0b3280f995efbdfe9/jjwt-0.9.0.jar:/home/aptx/.gradle/caches/modules-2/files-2.1/org.springframework.boot/spring-boot-starter-integration/2.0.2.RELEASE/3767d2d23032336eb7c89988d456b24e354f7371/spring-boot-starter-integration-2.0.2.RELEASE.jar:/home/aptx/.gradle/caches/modules-2/files-2.1/org.springframework.integration/spring-integration-stream/5.0.5.RELEASE/c6700e0f37470768ce5facedb64a06fc0b38999b/spring-integration-stream-5.0.5.RELEASE.jar:/home/aptx/.gradle/caches/modules-2/files-2.1/org.springframework.integration/spring-integration-mqtt/5.0.5.RELEASE/dcc70c0980f33ea16b4fcb5cb5f6a16ec698dc9d/spring-integration-mqtt-5.0.5.RELEASE.jar:/home/aptx/.gradle/caches/modules-2/files-2.1/org.springframework.boot/spring-boot-configuration-processor/2.0.2.RELEASE/f63ef9580fae50de818704e0fa549ce226cbb35/spring-boot-configuration-processor-2.0.2.RELEASE.jar:/home/aptx/.gradle/caches/modules-2/files-2.1/org.projectlombok/lombok/1.16.20/ac76d9b956045631d1561a09289cbf472e077c01/lombok-1.16.20.jar:/home/aptx/.gradle/caches/modules-2/files-2.1/com.alibaba/fastjson/1.2.51/1f974e3f64393903a419950c0d4e708a23b4eb3/fastjson-1.2.51.jar:/home/aptx/.gradle/caches/modules-2/files-2.1/mysql/mysql-connector-java/5.1.46/9a3e63b387e376364211e96827bc27db8d7a92e9/mysql-connector-java-5.1.46.jar:/home/aptx/.gradle/caches/modules-2/files-2.1/org.springframework.boot/spring-boot-starter-test/2.0.2.RELEASE/d9e090412f318586e0f277e24740b79b58ef190b/spring-boot-starter-test-2.0.2.RELEASE.jar:/home/aptx/.gradle/caches/modules-2/files-2.1/org.springframework.boot/spring-boot-starter-json/2.0.2.RELEASE/5edda979838ced5314b8f58a958fe9d6b4b3badd/spring-boot-starter-json-2.0.2.RELEASE.jar:/home/aptx/.gradle/caches/modules-2/files-2.1/org.springframework.boot/spring-boot-starter-aop/2.0.2.RELEASE/b0b0c7dcfdffaef1b04886c0279772905bc7e9d2/spring-boot-starter-aop-2.0.2.RELEASE.jar:/home/aptx/.gradle/caches/modules-2/files-2.1/org.springframework.boot/spring-boot-starter-jdbc/2.0.2.RELEASE/f93c2459a06061f889b837d1c2503055df024778/spring-boot-starter-jdbc-2.0.2.RELEASE.jar:/home/aptx/.gradle/caches/modules-2/files-2.1/org.springframework.boot/spring-boot-starter/2.0.2.RELEASE/1cda94f0dfcf2b065191782a54b84d2abf96391/spring-boot-starter-2.0.2.RELEASE.jar:/home/aptx/.gradle/caches/modules-2/files-2.1/org.springframework.boot/spring-boot-starter-tomcat/2.0.2.RELEASE/cedbfb18762e1c220007c768bfc5b773f5b30f8a/spring-boot-starter-tomcat-2.0.2.RELEASE.jar:/home/aptx/.gradle/caches/modules-2/files-2.1/org.hibernate.validator/hibernate-validator/6.0.9.Final/b149e4cce82379f11f6129eb3187ca8ae5404005/hibernate-validator-6.0.9.Final.jar:/home/aptx/.gradle/caches/modules-2/files-2.1/org.springframework/spring-webmvc/5.0.6.RELEASE/1361c5d1cf46665ee01de5dc1ca447c3be174c19/spring-webmvc-5.0.6.RELEASE.jar:/home/aptx/.gradle/caches/modules-2/files-2.1/org.springframework/spring-web/5.0.6.RELEASE/89e89de3025165998118590613aedc6df8d64af6/spring-web-5.0.6.RELEASE.jar:/home/aptx/.gradle/caches/modules-2/files-2.1/org.springframework.data/spring-data-neo4j/5.0.7.RELEASE/3411f31d711ebcb5169bf8ee7710dc034935cd68/spring-data-neo4j-5.0.7.RELEASE.jar:/home/aptx/.gradle/caches/modules-2/files-2.1/org.neo4j/neo4j-ogm-core/3.1.0/c6d7d86a3530f83df9e37c2843c86fbc66646437/neo4j-ogm-core-3.1.0.jar:/home/aptx/.gradle/caches/modules-2/files-2.1/org.neo4j/neo4j-ogm-bolt-driver/3.1.0/d480c89f3037edbe6d5208f7a7cb44fb7468caba/neo4j-ogm-bolt-driver-3.1.0.jar:/home/aptx/.gradle/caches/modules-2/files-2.1/org.neo4j/neo4j-ogm-api/3.1.0/23ab38571b555a7ec55bcac74e6d123c02d1f44e/neo4j-ogm-api-3.1.0.jar:/home/aptx/.gradle/caches/modules-2/files-2.1/org.apache.httpcomponents/httpclient/4.5.5/1603dfd56ebcd583ccdf337b6c3984ac55d89e58/httpclient-4.5.5.jar:/home/aptx/.gradle/caches/modules-2/files-2.1/commons-io/commons-io/2.4/b1b6ea3b7e4aa4f492509a4952029cd8e48019ad/commons-io-2.4.jar:/home/aptx/.gradle/caches/modules-2/files-2.1/org.hibernate/hibernate-core/5.2.17.Final/f2dc36470e7a2ffcf6106bb1625ecf5b54bb5f65/hibernate-core-5.2.17.Final.jar:/home/aptx/.gradle/caches/modules-2/files-2.1/javax.transaction/javax.transaction-api/1.2/d81aff979d603edd90dcd8db2abc1f4ce6479e3e/javax.transaction-api-1.2.jar:/home/aptx/.gradle/caches/modules-2/files-2.1/org.springframework.data/spring-data-jpa/2.0.7.RELEASE/9f201f3d3435a9e5422e0edcff3475c46215ffb/spring-data-jpa-2.0.7.RELEASE.jar:/home/aptx/.gradle/caches/modules-2/files-2.1/org.springframework/spring-aspects/5.0.6.RELEASE/45a7631a64eb82625067587b9796d4418d9e0568/spring-aspects-5.0.6.RELEASE.jar:/home/aptx/.gradle/caches/modules-2/files-2.1/com.fasterxml.jackson.datatype/jackson-datatype-jdk8/2.9.5/23e37f085279ba316c0df923513b81609e1d1f6/jackson-datatype-jdk8-2.9.5.jar:/home/aptx/.gradle/caches/modules-2/files-2.1/com.fasterxml.jackson.datatype/jackson-datatype-jsr310/2.9.5/d1f0d11e816bc04e222a261106ca138801841c2d/jackson-datatype-jsr310-2.9.5.jar:/home/aptx/.gradle/caches/modules-2/files-2.1/com.fasterxml.jackson.module/jackson-module-parameter-names/2.9.5/f824c60751ffb7bfc3a0d30dfe0e42317d8e67f5/jackson-module-parameter-names-2.9.5.jar:/home/aptx/.gradle/caches/modules-2/files-2.1/com.fasterxml.jackson.core/jackson-databind/2.9.5/3490508379d065fe3fcb80042b62f630f7588606/jackson-databind-2.9.5.jar:/home/aptx/.gradle/caches/modules-2/files-2.1/org.springframework.integration/spring-integration-core/5.0.5.RELEASE/a9b2499fc54e7372e05f58bb59e8bf11d56a8f78/spring-integration-core-5.0.5.RELEASE.jar:/home/aptx/.gradle/caches/modules-2/files-2.1/org.eclipse.paho/org.eclipse.paho.client.mqttv3/1.2.0/d9496013da5936bf88f797290449d297d371062b/org.eclipse.paho.client.mqttv3-1.2.0.jar:/home/aptx/.gradle/caches/modules-2/files-2.1/org.springframework.boot/spring-boot-test-autoconfigure/2.0.2.RELEASE/4993bdd96a4c02bc5b5703862d99ef4c563f25d0/spring-boot-test-autoconfigure-2.0.2.RELEASE.jar:/home/aptx/.gradle/caches/modules-2/files-2.1/org.springframework.boot/spring-boot-test/2.0.2.RELEASE/fc85812e6543312a3b0ea9fbbdfd4a51183380a3/spring-boot-test-2.0.2.RELEASE.jar:/home/aptx/.gradle/caches/modules-2/files-2.1/com.jayway.jsonpath/json-path/2.4.0/765a4401ceb2dc8d40553c2075eb80a8fa35c2ae/json-path-2.4.0.jar:/home/aptx/.gradle/caches/modules-2/files-2.1/junit/junit/4.12/2973d150c0dc1fefe998f834810d68f278ea58ec/junit-4.12.jar:/home/aptx/.gradle/caches/modules-2/files-2.1/org.assertj/assertj-core/3.9.1/c5ce126b15f28d56cd8f960c1a6a058b9c9aea87/assertj-core-3.9.1.jar:/home/aptx/.gradle/caches/modules-2/files-2.1/org.mockito/mockito-core/2.15.0/b84bfbbc29cd22c9529409627af6ea2897f4fa85/mockito-core-2.15.0.jar:/home/aptx/.gradle/caches/modules-2/files-2.1/org.hamcrest/hamcrest-library/1.3/4785a3c21320980282f9f33d0d1264a69040538f/hamcrest-library-1.3.jar:/home/aptx/.gradle/caches/modules-2/files-2.1/org.hamcrest/hamcrest-core/1.3/42a25dc3219429f0e5d060061f71acb49bf010a0/hamcrest-core-1.3.jar:/home/aptx/.gradle/caches/modules-2/files-2.1/org.skyscreamer/jsonassert/1.5.0/6c9d5fe2f59da598d9aefc1cfc6528ff3cf32df3/jsonassert-1.5.0.jar:/home/aptx/.gradle/caches/modules-2/files-2.1/org.springframework/spring-test/5.0.6.RELEASE/dbc99b288774b2e07d94bc14fe38d556bc3ed34a/spring-test-5.0.6.RELEASE.jar:/home/aptx/.gradle/caches/modules-2/files-2.1/org.springframework.boot/spring-boot-autoconfigure/2.0.2.RELEASE/f4b25e753e4955337a138d8b1550236b5efe5b3b/spring-boot-autoconfigure-2.0.2.RELEASE.jar:/home/aptx/.gradle/caches/modules-2/files-2.1/org.springframework.boot/spring-boot/2.0.2.RELEASE/15012cf02e9f77938244e554f0598535fdd1cb38/spring-boot-2.0.2.RELEASE.jar:/home/aptx/.gradle/caches/modules-2/files-2.1/org.springframework/spring-context/5.0.6.RELEASE/8b73b742ef0ddce04f0f1068f305de240b00ce0d/spring-context-5.0.6.RELEASE.jar:/home/aptx/.gradle/caches/modules-2/files-2.1/org.springframework/spring-expression/5.0.6.RELEASE/dec57ae5e6f0dfd4c6cfc199aa13ed268c3e1a65/spring-expression-5.0.6.RELEASE.jar:/home/aptx/.gradle/caches/modules-2/files-2.1/org.springframework/spring-orm/5.0.6.RELEASE/7a08073597b79dfcd4db1cffa924f2b991a14a20/spring-orm-5.0.6.RELEASE.jar:/home/aptx/.gradle/caches/modules-2/files-2.1/org.springframework/spring-jdbc/5.0.6.RELEASE/7d4de1ee9b042774e09ceb88393e5a564e342729/spring-jdbc-5.0.6.RELEASE.jar:/home/aptx/.gradle/caches/modules-2/files-2.1/org.springframework/spring-tx/5.0.6.RELEASE/1b6ffc44f2d59507a0fce1084fcc21788b13904/spring-tx-5.0.6.RELEASE.jar:/home/aptx/.gradle/caches/modules-2/files-2.1/org.springframework.data/spring-data-commons/2.0.7.RELEASE/7faa0fb2ffa50a5c50ad9f10118095ae24d5c6e1/spring-data-commons-2.0.7.RELEASE.jar:/home/aptx/.gradle/caches/modules-2/files-2.1/org.springframework/spring-messaging/5.0.6.RELEASE/aa1d75a9595ac8681a82589d28573937ec1becee/spring-messaging-5.0.6.RELEASE.jar:/home/aptx/.gradle/caches/modules-2/files-2.1/org.springframework/spring-aop/5.0.6.RELEASE/74078df698992054c1c1a8f705763a6c7b4b914c/spring-aop-5.0.6.RELEASE.jar:/home/aptx/.gradle/caches/modules-2/files-2.1/org.springframework/spring-beans/5.0.6.RELEASE/d609b83cd8a71650a70778cf8d02c9a05b9161fe/spring-beans-5.0.6.RELEASE.jar:/home/aptx/.gradle/caches/modules-2/files-2.1/org.springframework/spring-core/5.0.6.RELEASE/984a52455b1be596b7f1a29f62d21d2f483eb764/spring-core-5.0.6.RELEASE.jar:/home/aptx/.gradle/caches/modules-2/files-2.1/org.xmlunit/xmlunit-core/2.5.1/4ffdb346572a7356f7521cd3119ce5287d2e339d/xmlunit-core-2.5.1.jar:/home/aptx/.gradle/caches/modules-2/files-2.1/org.springframework.boot/spring-boot-starter-logging/2.0.2.RELEASE/b56d7d1931792d6e58dbd41f956912359ba85238/spring-boot-starter-logging-2.0.2.RELEASE.jar:/home/aptx/.gradle/caches/modules-2/files-2.1/javax.annotation/javax.annotation-api/1.3.2/934c04d3cfef185a8008e7bf34331b79730a9d43/javax.annotation-api-1.3.2.jar:/home/aptx/.gradle/caches/modules-2/files-2.1/org.yaml/snakeyaml/1.19/2d998d3d674b172a588e54ab619854d073f555b5/snakeyaml-1.19.jar:/home/aptx/.gradle/caches/modules-2/files-2.1/org.apache.tomcat.embed/tomcat-embed-websocket/8.5.31/6564e716b89de5eaa0dd234ae7989576503ddf3/tomcat-embed-websocket-8.5.31.jar:/home/aptx/.gradle/caches/modules-2/files-2.1/org.apache.tomcat.embed/tomcat-embed-core/8.5.31/f5adf7ed8c34aa005b22b6a2dc7b6796e10e9c79/tomcat-embed-core-8.5.31.jar:/home/aptx/.gradle/caches/modules-2/files-2.1/org.apache.tomcat.embed/tomcat-embed-el/8.5.31/3a536e1ac71b82627c3a7408eb38fa0704cb9034/tomcat-embed-el-8.5.31.jar:/home/aptx/.gradle/caches/modules-2/files-2.1/javax.validation/validation-api/2.0.1.Final/cb855558e6271b1b32e716d24cb85c7f583ce09e/validation-api-2.0.1.Final.jar:/home/aptx/.gradle/caches/modules-2/files-2.1/org.hibernate.common/hibernate-commons-annotations/5.0.1.Final/71e1cff3fcb20d3b3af4f3363c3ddb24d33c6879/hibernate-commons-annotations-5.0.1.Final.jar:/home/aptx/.gradle/caches/modules-2/files-2.1/org.jboss.logging/jboss-logging/3.3.2.Final/3789d00e859632e6c6206adc0c71625559e6e3b0/jboss-logging-3.3.2.Final.jar:/home/aptx/.gradle/caches/modules-2/files-2.1/com.fasterxml/classmate/1.3.4/3d5f48f10bbe4eb7bd862f10c0583be2e0053c6/classmate-1.3.4.jar:/home/aptx/.gradle/caches/modules-2/files-2.1/com.zaxxer/HikariCP/2.7.9/a83113d2c091d0d0f853dad3217bd7df3beb6ae3/HikariCP-2.7.9.jar:/home/aptx/.gradle/caches/modules-2/files-2.1/ch.qos.logback/logback-classic/1.2.3/7c4f3c474fb2c041d8028740440937705ebb473a/logback-classic-1.2.3.jar:/home/aptx/.gradle/caches/modules-2/files-2.1/org.apache.logging.log4j/log4j-to-slf4j/2.10.0/f7e631ccf49cfc0aefa4a2a728da7d374c05bd3c/log4j-to-slf4j-2.10.0.jar:/home/aptx/.gradle/caches/modules-2/files-2.1/org.slf4j/jul-to-slf4j/1.7.25/af5364cd6679bfffb114f0dec8a157aaa283b76/jul-to-slf4j-1.7.25.jar:/home/aptx/.gradle/caches/modules-2/files-2.1/org.slf4j/slf4j-api/1.7.25/da76ca59f6a57ee3102f8f9bd9cee742973efa8a/slf4j-api-1.7.25.jar:/home/aptx/.gradle/caches/modules-2/files-2.1/commons-codec/commons-codec/1.11/3acb4705652e16236558f0f4f2192cc33c3bd189/commons-codec-1.11.jar:/home/aptx/.gradle/caches/modules-2/files-2.1/org.apache.httpcomponents/httpcore/4.4.9/a86ce739e5a7175b4b234c290a00a5fdb80957a0/httpcore-4.4.9.jar:/home/aptx/.gradle/caches/modules-2/files-2.1/org.aspectj/aspectjweaver/1.8.13/ad94df2a28d658a40dc27bbaff6a1ce5fbf04e9b/aspectjweaver-1.8.13.jar:/home/aptx/.gradle/caches/modules-2/files-2.1/org.hibernate.javax.persistence/hibernate-jpa-2.1-api/1.0.0.Final/5e731d961297e5a07290bfaf3db1fbc8bbbf405a/hibernate-jpa-2.1-api-1.0.0.Final.jar:/home/aptx/.gradle/caches/modules-2/files-2.1/org.javassist/javassist/3.22.0-GA/3e83394258ae2089be7219b971ec21a8288528ad/javassist-3.22.0-GA.jar:/home/aptx/.gradle/caches/modules-2/files-2.1/antlr/antlr/2.7.7/83cd2cd674a217ade95a4bb83a8a14f351f48bd0/antlr-2.7.7.jar:/home/aptx/.gradle/caches/modules-2/files-2.1/org.jboss/jandex/2.0.3.Final/bfc4d6257dbff7a33a357f0de116be6ff951d849/jandex-2.0.3.Final.jar:/home/aptx/.gradle/caches/modules-2/files-2.1/dom4j/dom4j/1.6.1/5d3ccc056b6f056dbf0dddfdf43894b9065a8f94/dom4j-1.6.1.jar:/home/aptx/.gradle/caches/modules-2/files-2.1/com.fasterxml.jackson.core/jackson-annotations/2.9.0/7c10d545325e3a6e72e06381afe469fd40eb701/jackson-annotations-2.9.0.jar:/home/aptx/.gradle/caches/modules-2/files-2.1/com.fasterxml.jackson.core/jackson-core/2.9.5/a22ac51016944b06fd9ffbc9541c6e7ce5eea117/jackson-core-2.9.5.jar:/home/aptx/.gradle/caches/modules-2/files-2.1/org.springframework.retry/spring-retry/1.2.2.RELEASE/638928732585c450e461f0a132b6834ad7cf3af0/spring-retry-1.2.2.RELEASE.jar:/home/aptx/.gradle/caches/modules-2/files-2.1/io.projectreactor/reactor-core/3.1.7.RELEASE/7e0bde8c9f08ad91ed314c6cb48e7bed6234dc71/reactor-core-3.1.7.RELEASE.jar:/home/aptx/.gradle/caches/modules-2/files-2.1/net.minidev/json-smart/2.3/7396407491352ce4fa30de92efb158adb76b5b/json-smart-2.3.jar:/home/aptx/.gradle/caches/modules-2/files-2.1/net.bytebuddy/byte-buddy/1.7.11/f02857a4e2c66ccbe7aaad6100a0a6c461bce9b3/byte-buddy-1.7.11.jar:/home/aptx/.gradle/caches/modules-2/files-2.1/net.bytebuddy/byte-buddy-agent/1.7.11/b425a8933ca07edd03c6dbc8bc3b595fba9780de/byte-buddy-agent-1.7.11.jar:/home/aptx/.gradle/caches/modules-2/files-2.1/org.objenesis/objenesis/2.6/639033469776fd37c08358c6b92a4761feb2af4b/objenesis-2.6.jar:/home/aptx/.gradle/caches/modules-2/files-2.1/com.vaadin.external.google/android-json/0.0.20131108.vaadin1/fa26d351fe62a6a17f5cda1287c1c6110dec413f/android-json-0.0.20131108.vaadin1.jar:/home/aptx/.gradle/caches/modules-2/files-2.1/org.springframework/spring-jcl/5.0.6.RELEASE/295ee4e8657e9c1fd327735c01d5fbce339cc44d/spring-jcl-5.0.6.RELEASE.jar:/home/aptx/.gradle/caches/modules-2/files-2.1/org.apache.commons/commons-lang3/3.7/557edd918fd41f9260963583ebf5a61a43a6b423/commons-lang3-3.7.jar:/home/aptx/.gradle/caches/modules-2/files-2.1/io.github.lukehutch/fast-classpath-scanner/2.7.4/f22492a913078ea2007adfb986da0a38753bd7d9/fast-classpath-scanner-2.7.4.jar:/home/aptx/.gradle/caches/modules-2/files-2.1/org.neo4j.driver/neo4j-java-driver/1.5.0/25d4467127d99340c9a7f02ab30ea19b15e52c88/neo4j-java-driver-1.5.0.jar:/home/aptx/.gradle/caches/modules-2/files-2.1/org.reactivestreams/reactive-streams/1.0.2/323964c36556eb0e6209f65c1cef72b53b461ab8/reactive-streams-1.0.2.jar:/home/aptx/.gradle/caches/modules-2/files-2.1/net.minidev/accessors-smart/1.2/c592b500269bfde36096641b01238a8350f8aa31/accessors-smart-1.2.jar:/home/aptx/.gradle/caches/modules-2/files-2.1/ch.qos.logback/logback-core/1.2.3/864344400c3d4d92dfeb0a305dc87d953677c03c/logback-core-1.2.3.jar:/home/aptx/.gradle/caches/modules-2/files-2.1/org.apache.logging.log4j/log4j-api/2.10.0/fec5797a55b786184a537abd39c3fa1449d752d6/log4j-api-2.10.0.jar:/home/aptx/.gradle/caches/modules-2/files-2.1/org.ow2.asm/asm/5.0.4/da08b8cce7bbf903602a25a3a163ae252435795/asm-5.0.4.jar, user.name=aptx, java.vm.specification.version=1.8, sun.java.command=worker.org.gradle.process.internal.worker.GradleWorkerMain 'Gradle Test Executor 1', java.home=/usr/java/jdk1.8.0_181-amd64/jre, sun.arch.data.model=64, user.language=zh, java.specification.vendor=Oracle Corporation, awt.toolkit=sun.awt.X11.XToolkit, java.vm.info=mixed mode, java.version=1.8.0_181, java.ext.dirs=/usr/java/jdk1.8.0_181-amd64/jre/lib/ext:/usr/java/packages/lib/ext, sun.boot.class.path=/usr/java/jdk1.8.0_181-amd64/jre/lib/resources.jar:/usr/java/jdk1.8.0_181-amd64/jre/lib/rt.jar:/usr/java/jdk1.8.0_181-amd64/jre/lib/sunrsasign.jar:/usr/java/jdk1.8.0_181-amd64/jre/lib/jsse.jar:/usr/java/jdk1.8.0_181-amd64/jre/lib/jce.jar:/usr/java/jdk1.8.0_181-amd64/jre/lib/charsets.jar:/usr/java/jdk1.8.0_181-amd64/jre/lib/jfr.jar:/usr/java/jdk1.8.0_181-amd64/jre/classes, java.vendor=Oracle Corporation, org.gradle.test.worker=1, file.separator=/, java.vendor.url.bug=http://bugreport.sun.com/bugreport/, sun.io.unicode.encoding=UnicodeLittle, sun.cpu.endian=little, sun.cpu.isalist=}}, SystemEnvironmentPropertySource@1287658603 {name='systemEnvironment', properties={PATH=/usr/local/bin:/usr/bin:/bin:/usr/lib/mit/sbin:/snap/bin:/usr/java/jdk1.8.0_181-amd64/bin/:/usr/java/jdk1.8.0_181-amd64/jre/bin:/usr/local/julia-1.0.0/bin/:/usr/local/go/bin, XMODIFIERS=@im=fcitx, CONFIG_SITE=/usr/share/site/x86_64-unknown-linux-gnu, WINDOWMANAGER=/usr/bin/startkde, DBUS_SESSION_BUS_ADDRESS=unix:path=/run/user/1000/bus, JRE_HOME=/usr/java/jdk1.8.0_181-amd64/jre, MACHTYPE=x86_64-suse-linux, QT_AUTO_SCREEN_SCALE_FACTOR=0, SSH_AGENT_PID=1877, QT_SYSTEM_DIR=/usr/share/desktop-data, COLORTERM=1, CSHEDIT=emacs, XAUTHLOCALHOSTNAME=linux-76vd, SESSION_MANAGER=local/linux-76vd:@/tmp/.ICE-unix/1956,unix/linux-76vd:/tmp/.ICE-unix/1956, ALSA_CONFIG_PATH=/etc/alsa-pulse.conf, PWD=/home/aptx, LANGUAGE=, KDE_SESSION_VERSION=5, LESSOPEN=lessopen.sh %s, PAGER=less, HOSTTYPE=x86_64, GTK_MODULES=canberra-gtk-module, LC_CTYPE=zh_CN.UTF-8, SHLVL=2, HISTSIZE=1000, JAVA_ROOT=/usr/java/latest, SDL_AUDIODRIVER=pulse, JAVA_HOME=/usr/java/jdk1.8.0_181-amd64, KDE_SESSION_UID=1000, TERM=xterm, XDG_CONFIG_DIRS=/etc/xdg, XDG_SEAT_PATH=/org/freedesktop/DisplayManager/Seat0, XDG_SESSION_ID=2, socks_proxy=, G_BROKEN_FILENAMES=1, XNLSPATH=/usr/share/X11/nls, _=/home/aptx/idea-IU-183.4284.148/jre64/bin/java, XDG_SESSION_CLASS=user, XCURSOR_SIZE=0, SDK_HOME=/usr/java/latest, PROFILEREAD=true, CVS_RSH=ssh, DESKTOP_SESSION=/usr/share/xsessions/plasma5, DESKTOP_STARTUP_ID=linux-76vd;1545362996;716721;2000_TIME12387302, MAN_KEEP_FORMATTING=yes, MORE=-sl, GS_LIB=/home/aptx/.fonts, XAUTHORITY=/home/aptx/.Xauthority, https_proxy=, XDG_DATA_DIRS=/home/aptx/.local/share/flatpak/exports/share:/var/lib/flatpak/exports/share:/usr/local/share:/usr/share:/var/lib/snapd/desktop, GTK_IM_MODULE=fcitx, CPU=x86_64, HOST=linux-76vd, XSESSION_IS_UP=yes, XDG_CURRENT_DESKTOP=KDE, G_FILENAME_ENCODING=@locale,UTF-8,GB2312,GB18030,GBK,ISO-8859-1, MAIL=/var/spool/mail/aptx, MINICOM=-c on, OSTYPE=linux, LOGNAME=aptx, JDK_HOME=/usr/java/latest, XCURSOR_THEME=breeze_cursors, PYTHONPATH=/home/aptx/File/MachineLearning/facenet/src, SHELL=/bin/bash, GOPATH=/home/aptx/File/golang/, OLDPWD=/home/aptx/idea-IU-183.4284.148/bin, KDE_FULL_SESSION=true, SSH_ASKPASS=/usr/lib/ssh/ssh-askpass, XDG_SESSION_PATH=/org/freedesktop/DisplayManager/Session1, INPUT_METHOD=fcitx, LESS=-M -I -R, XDG_SESSION_DESKTOP=KDE, LESSCLOSE=lessclose.sh %s %s, QEMU_AUDIO_DRV=pa, MANPATH=/usr/local/man:/usr/share/man, QT_IM_MODULE=fcitx, JAVA_BINDIR=/usr/java/latest/bin, AUDIODRIVER=pulseaudio, LANG=zh_CN.UTF-8, XDG_SESSION_TYPE=x11, DISPLAY=:0, ftp_proxy=, PYTHONSTARTUP=/etc/pythonstart, LESSKEY=/etc/lesskey.bin, QT_IM_SWITCHER=imsw-multi, FROM_HEADER=, http_proxy=, GPG_TTY=不是一个 tty, USER=aptx, CLASSPATH=/home/aptx/idea-IU-183.4284.148/lib/bootstrap.jar:/home/aptx/idea-IU-183.4284.148/lib/extensions.jar:/home/aptx/idea-IU-183.4284.148/lib/util.jar:/home/aptx/idea-IU-183.4284.148/lib/jdom.jar:/home/aptx/idea-IU-183.4284.148/lib/log4j.jar:/home/aptx/idea-IU-183.4284.148/lib/trove4j.jar:/home/aptx/idea-IU-183.4284.148/lib/jna.jar:/home/aptx/idea-IU-183.4284.148/jre64/lib/tools.jar, XDG_SEAT=seat0, SSH_AUTH_SOCK=/tmp/ssh-4EyTwqEtT5yj/agent.1817, HOSTNAME=linux-76vd, XKEYSYMDB=/usr/X11R6/lib/X11/XKeysymDB, LESS_ADVANCED_PREPROCESSOR=no, XDG_RUNTIME_DIR=/run/user/1000, XDG_VTNR=7, HOME=/home/aptx}}]
11:32:12.657 [Test worker] DEBUG org.springframework.core.io.support.PathMatchingResourcePatternResolver - Resolved classpath location [com/relationship/server/] to resources [URL [file:/home/aptx/File/java/server_relationship/build/classes/java/test/com/relationship/server/]]
11:32:12.662 [Test worker] DEBUG org.springframework.core.io.support.PathMatchingResourcePatternResolver - Looking for matching resources in directory tree [/home/aptx/File/java/server_relationship/build/classes/java/test/com/relationship/server]
11:32:12.665 [Test worker] DEBUG org.springframework.core.io.support.PathMatchingResourcePatternResolver - Searching directory [/home/aptx/File/java/server_relationship/build/classes/java/test/com/relationship/server] for files matching pattern [/home/aptx/File/java/server_relationship/build/classes/java/test/com/relationship/server/*.class]
11:32:12.674 [Test worker] DEBUG org.springframework.core.io.support.PathMatchingResourcePatternResolver - Resolved location pattern [classpath*:com/relationship/server/*.class] to resources [file [/home/aptx/File/java/server_relationship/build/classes/java/test/com/relationship/server/ServerApplicationTests.class]]
11:32:12.714 [Test worker] DEBUG org.springframework.core.io.support.PathMatchingResourcePatternResolver - Resolved classpath location [com/relationship/] to resources [URL [file:/home/aptx/File/java/server_relationship/build/classes/java/test/com/relationship/], URL [file:/home/aptx/File/java/server_relationship/build/classes/java/main/com/relationship/]]
11:32:12.717 [Test worker] DEBUG org.springframework.core.io.support.PathMatchingResourcePatternResolver - Looking for matching resources in directory tree [/home/aptx/File/java/server_relationship/build/classes/java/test/com/relationship]
11:32:12.719 [Test worker] DEBUG org.springframework.core.io.support.PathMatchingResourcePatternResolver - Searching directory [/home/aptx/File/java/server_relationship/build/classes/java/test/com/relationship] for files matching pattern [/home/aptx/File/java/server_relationship/build/classes/java/test/com/relationship/*.class]
11:32:12.721 [Test worker] DEBUG org.springframework.core.io.support.PathMatchingResourcePatternResolver - Looking for matching resources in directory tree [/home/aptx/File/java/server_relationship/build/classes/java/main/com/relationship]
11:32:12.724 [Test worker] DEBUG org.springframework.core.io.support.PathMatchingResourcePatternResolver - Searching directory [/home/aptx/File/java/server_relationship/build/classes/java/main/com/relationship] for files matching pattern [/home/aptx/File/java/server_relationship/build/classes/java/main/com/relationship/*.class]
11:32:12.732 [Test worker] DEBUG org.springframework.core.io.support.PathMatchingResourcePatternResolver - Resolved location pattern [classpath*:com/relationship/*.class] to resources [file [/home/aptx/File/java/server_relationship/build/classes/java/main/com/relationship/ServerApplication.class]]
11:32:12.827 [Test worker] DEBUG org.springframework.context.annotation.ClassPathScanningCandidateComponentProvider - Identified candidate component class: file [/home/aptx/File/java/server_relationship/build/classes/java/main/com/relationship/ServerApplication.class]
11:32:12.831 [Test worker] INFO org.springframework.boot.test.context.SpringBootTestContextBootstrapper - Found @SpringBootConfiguration com.relationship.ServerApplication for test class com.relationship.server.ServerApplicationTests
11:32:13.182 [Test worker] DEBUG org.springframework.boot.test.context.SpringBootTestContextBootstrapper - @TestExecutionListeners is not present for class [com.relationship.server.ServerApplicationTests]: using defaults.
11:32:13.184 [Test worker] INFO org.springframework.boot.test.context.SpringBootTestContextBootstrapper - Loaded default TestExecutionListener class names from location [META-INF/spring.factories]: [org.springframework.boot.test.autoconfigure.restdocs.RestDocsTestExecutionListener, org.springframework.boot.test.autoconfigure.web.client.MockRestServiceServerResetTestExecutionListener, org.springframework.boot.test.autoconfigure.web.servlet.MockMvcPrintOnlyOnFailureTestExecutionListener, org.springframework.boot.test.autoconfigure.web.servlet.WebDriverTestExecutionListener, org.springframework.boot.test.mock.mockito.MockitoTestExecutionListener, org.springframework.boot.test.mock.mockito.ResetMocksTestExecutionListener, org.springframework.test.context.web.ServletTestExecutionListener, org.springframework.test.context.support.DirtiesContextBeforeModesTestExecutionListener, org.springframework.test.context.support.DependencyInjectionTestExecutionListener, org.springframework.test.context.support.DirtiesContextTestExecutionListener, org.springframework.test.context.transaction.TransactionalTestExecutionListener, org.springframework.test.context.jdbc.SqlScriptsTestExecutionListener]
11:32:13.464 [Test worker] INFO org.springframework.boot.test.context.SpringBootTestContextBootstrapper - Using TestExecutionListeners: [org.springframework.test.context.web.ServletTestExecutionListener@73aecae1, org.springframework.test.context.support.DirtiesContextBeforeModesTestExecutionListener@49da04ce, org.springframework.boot.test.mock.mockito.MockitoTestExecutionListener@4bba83d, org.springframework.boot.test.autoconfigure.SpringBootDependencyInjectionTestExecutionListener@1ee05795, org.springframework.test.context.support.DirtiesContextTestExecutionListener@1b9c7f6a, org.springframework.test.context.transaction.TransactionalTestExecutionListener@2f9f4a3, org.springframework.test.context.jdbc.SqlScriptsTestExecutionListener@5bda5e81, org.springframework.boot.test.autoconfigure.restdocs.RestDocsTestExecutionListener@471af690, org.springframework.boot.test.autoconfigure.web.client.MockRestServiceServerResetTestExecutionListener@3f85a636, org.springframework.boot.test.autoconfigure.web.servlet.MockMvcPrintOnlyOnFailureTestExecutionListener@72941189, org.springframework.boot.test.autoconfigure.web.servlet.WebDriverTestExecutionListener@7b33670c, org.springframework.boot.test.mock.mockito.ResetMocksTestExecutionListener@6b8da08c]
11:32:13.468 [Test worker] DEBUG org.springframework.test.annotation.ProfileValueUtils - Retrieved @ProfileValueSourceConfiguration [null] for test class [com.relationship.server.ServerApplicationTests]
11:32:13.469 [Test worker] DEBUG org.springframework.test.annotation.ProfileValueUtils - Retrieved ProfileValueSource type [class org.springframework.test.annotation.SystemProfileValueSource] for class [com.relationship.server.ServerApplicationTests]
11:32:13.470 [Test worker] DEBUG org.springframework.test.annotation.ProfileValueUtils - Retrieved @ProfileValueSourceConfiguration [null] for test class [com.relationship.server.ServerApplicationTests]
11:32:13.470 [Test worker] DEBUG org.springframework.test.annotation.ProfileValueUtils - Retrieved ProfileValueSource type [class org.springframework.test.annotation.SystemProfileValueSource] for class [com.relationship.server.ServerApplicationTests]
11:32:13.478 [Test worker] DEBUG org.springframework.test.context.support.AbstractDirtiesContextTestExecutionListener - Before test class: context [DefaultTestContext@4ca209fd testClass = ServerApplicationTests, testInstance = [null], testMethod = [null], testException = [null], mergedContextConfiguration = [WebMergedContextConfiguration@2e7f9b5b testClass = ServerApplicationTests, locations = '{}', classes = '{class com.relationship.ServerApplication}', contextInitializerClasses = '[]', activeProfiles = '{}', propertySourceLocations = '{}', propertySourceProperties = '{org.springframework.boot.test.context.SpringBootTestContextBootstrapper=true}', contextCustomizers = set[org.springframework.boot.test.autoconfigure.properties.PropertyMappingContextCustomizer@0, org.springframework.boot.test.autoconfigure.web.servlet.WebDriverContextCustomizerFactory$Customizer@6561d9b, org.springframework.boot.test.context.filter.ExcludeFilterContextCustomizer@77aca968, org.springframework.boot.test.json.DuplicateJsonObjectContextCustomizerFactory$DuplicateJsonObjectContextCustomizer@55b510cc, org.springframework.boot.test.mock.mockito.MockitoContextCustomizer@0, org.springframework.boot.test.web.client.TestRestTemplateContextCustomizer@2367534c], resourceBasePath = 'src/main/webapp', contextLoader = 'org.springframework.boot.test.context.SpringBootContextLoader', parent = [null]], attributes = map['org.springframework.test.context.web.ServletTestExecutionListener.activateListener' -> true]], class annotated with @DirtiesContext [false] with mode [null].
11:32:13.479 [Test worker] DEBUG org.springframework.test.annotation.ProfileValueUtils - Retrieved @ProfileValueSourceConfiguration [null] for test class [com.relationship.server.ServerApplicationTests]
11:32:13.479 [Test worker] DEBUG org.springframework.test.annotation.ProfileValueUtils - Retrieved ProfileValueSource type [class org.springframework.test.annotation.SystemProfileValueSource] for class [com.relationship.server.ServerApplicationTests]
11:32:13.510 [Test worker] DEBUG org.springframework.core.env.StandardEnvironment - Adding PropertySource 'systemProperties' with lowest search precedence
11:32:13.510 [Test worker] DEBUG org.springframework.core.env.StandardEnvironment - Adding PropertySource 'systemEnvironment' with lowest search precedence
11:32:13.511 [Test worker] DEBUG org.springframework.core.env.StandardEnvironment - Initialized StandardEnvironment with PropertySources [MapPropertySource@242212978 {name='systemProperties', properties={java.runtime.name=Java(TM) SE Runtime Environment, sun.boot.library.path=/usr/java/jdk1.8.0_181-amd64/jre/lib/amd64, java.vm.version=25.181-b13, java.vm.vendor=Oracle Corporation, java.vendor.url=http://java.oracle.com/, path.separator=:, java.vm.name=Java HotSpot(TM) 64-Bit Server VM, file.encoding.pkg=sun.io, sun.java.launcher=SUN_STANDARD, user.country=CN, sun.os.patch.level=unknown, java.vm.specification.name=Java Virtual Machine Specification, user.dir=/home/aptx/File/java/server_relationship, java.runtime.version=1.8.0_181-b13, java.awt.graphicsenv=sun.awt.X11GraphicsEnvironment, java.endorsed.dirs=/usr/java/jdk1.8.0_181-amd64/jre/lib/endorsed, os.arch=amd64, java.io.tmpdir=/tmp, line.separator=
, java.vm.specification.vendor=Oracle Corporation, user.variant=, os.name=Linux, sun.jnu.encoding=UTF-8, java.library.path=/usr/java/packages/lib/amd64:/usr/lib64:/lib64:/lib:/usr/lib, java.specification.name=Java Platform API Specification, java.class.version=52.0, org.gradle.native=false, sun.management.compiler=HotSpot 64-Bit Tiered Compilers, os.version=4.12.14-lp150.12.28-default, user.home=/home/aptx, user.timezone=Asia/Shanghai, java.awt.printerjob=sun.print.PSPrinterJob, file.encoding=UTF-8, java.specification.version=1.8, java.class.path=/home/aptx/File/java/server_relationship/build/classes/java/test:/home/aptx/File/java/server_relationship/build/resources/test:/home/aptx/File/java/server_relationship/build/classes/java/main:/home/aptx/File/java/server_relationship/build/resources/main:/home/aptx/.gradle/caches/modules-2/files-2.1/org.springframework.boot/spring-boot-starter-web/2.0.2.RELEASE/b6ef0cf4d0a7c6c7e93ff524b84cd1d8f87f67d9/spring-boot-starter-web-2.0.2.RELEASE.jar:/home/aptx/.gradle/caches/modules-2/files-2.1/org.springframework.boot/spring-boot-starter-data-neo4j/2.0.2.RELEASE/f2af89ecdc40b3e3db863212d5de15753c688894/spring-boot-starter-data-neo4j-2.0.2.RELEASE.jar:/home/aptx/.gradle/caches/modules-2/files-2.1/org.neo4j/neo4j-ogm-http-driver/3.1.0/2567a9cb3df440df21b30e8484e3bacf09182a8c/neo4j-ogm-http-driver-3.1.0.jar:/home/aptx/.gradle/caches/modules-2/files-2.1/org.springframework.boot/spring-boot-starter-data-jpa/2.0.2.RELEASE/a277d15c247684aaef38852a2e71b8b1ef7357e6/spring-boot-starter-data-jpa-2.0.2.RELEASE.jar:/home/aptx/.gradle/caches/modules-2/files-2.1/com.google.code.gson/gson/2.6.2/f1bc476cc167b18e66c297df599b2377131a8947/gson-2.6.2.jar:/home/aptx/.gradle/caches/modules-2/files-2.1/io.jsonwebtoken/jjwt/0.9.0/64e3ed8a5f0bc93ecea592a0b3280f995efbdfe9/jjwt-0.9.0.jar:/home/aptx/.gradle/caches/modules-2/files-2.1/org.springframework.boot/spring-boot-starter-integration/2.0.2.RELEASE/3767d2d23032336eb7c89988d456b24e354f7371/spring-boot-starter-integration-2.0.2.RELEASE.jar:/home/aptx/.gradle/caches/modules-2/files-2.1/org.springframework.integration/spring-integration-stream/5.0.5.RELEASE/c6700e0f37470768ce5facedb64a06fc0b38999b/spring-integration-stream-5.0.5.RELEASE.jar:/home/aptx/.gradle/caches/modules-2/files-2.1/org.springframework.integration/spring-integration-mqtt/5.0.5.RELEASE/dcc70c0980f33ea16b4fcb5cb5f6a16ec698dc9d/spring-integration-mqtt-5.0.5.RELEASE.jar:/home/aptx/.gradle/caches/modules-2/files-2.1/org.springframework.boot/spring-boot-configuration-processor/2.0.2.RELEASE/f63ef9580fae50de818704e0fa549ce226cbb35/spring-boot-configuration-processor-2.0.2.RELEASE.jar:/home/aptx/.gradle/caches/modules-2/files-2.1/org.projectlombok/lombok/1.16.20/ac76d9b956045631d1561a09289cbf472e077c01/lombok-1.16.20.jar:/home/aptx/.gradle/caches/modules-2/files-2.1/com.alibaba/fastjson/1.2.51/1f974e3f64393903a419950c0d4e708a23b4eb3/fastjson-1.2.51.jar:/home/aptx/.gradle/caches/modules-2/files-2.1/mysql/mysql-connector-java/5.1.46/9a3e63b387e376364211e96827bc27db8d7a92e9/mysql-connector-java-5.1.46.jar:/home/aptx/.gradle/caches/modules-2/files-2.1/org.springframework.boot/spring-boot-starter-test/2.0.2.RELEASE/d9e090412f318586e0f277e24740b79b58ef190b/spring-boot-starter-test-2.0.2.RELEASE.jar:/home/aptx/.gradle/caches/modules-2/files-2.1/org.springframework.boot/spring-boot-starter-json/2.0.2.RELEASE/5edda979838ced5314b8f58a958fe9d6b4b3badd/spring-boot-starter-json-2.0.2.RELEASE.jar:/home/aptx/.gradle/caches/modules-2/files-2.1/org.springframework.boot/spring-boot-starter-aop/2.0.2.RELEASE/b0b0c7dcfdffaef1b04886c0279772905bc7e9d2/spring-boot-starter-aop-2.0.2.RELEASE.jar:/home/aptx/.gradle/caches/modules-2/files-2.1/org.springframework.boot/spring-boot-starter-jdbc/2.0.2.RELEASE/f93c2459a06061f889b837d1c2503055df024778/spring-boot-starter-jdbc-2.0.2.RELEASE.jar:/home/aptx/.gradle/caches/modules-2/files-2.1/org.springframework.boot/spring-boot-starter/2.0.2.RELEASE/1cda94f0dfcf2b065191782a54b84d2abf96391/spring-boot-starter-2.0.2.RELEASE.jar:/home/aptx/.gradle/caches/modules-2/files-2.1/org.springframework.boot/spring-boot-starter-tomcat/2.0.2.RELEASE/cedbfb18762e1c220007c768bfc5b773f5b30f8a/spring-boot-starter-tomcat-2.0.2.RELEASE.jar:/home/aptx/.gradle/caches/modules-2/files-2.1/org.hibernate.validator/hibernate-validator/6.0.9.Final/b149e4cce82379f11f6129eb3187ca8ae5404005/hibernate-validator-6.0.9.Final.jar:/home/aptx/.gradle/caches/modules-2/files-2.1/org.springframework/spring-webmvc/5.0.6.RELEASE/1361c5d1cf46665ee01de5dc1ca447c3be174c19/spring-webmvc-5.0.6.RELEASE.jar:/home/aptx/.gradle/caches/modules-2/files-2.1/org.springframework/spring-web/5.0.6.RELEASE/89e89de3025165998118590613aedc6df8d64af6/spring-web-5.0.6.RELEASE.jar:/home/aptx/.gradle/caches/modules-2/files-2.1/org.springframework.data/spring-data-neo4j/5.0.7.RELEASE/3411f31d711ebcb5169bf8ee7710dc034935cd68/spring-data-neo4j-5.0.7.RELEASE.jar:/home/aptx/.gradle/caches/modules-2/files-2.1/org.neo4j/neo4j-ogm-core/3.1.0/c6d7d86a3530f83df9e37c2843c86fbc66646437/neo4j-ogm-core-3.1.0.jar:/home/aptx/.gradle/caches/modules-2/files-2.1/org.neo4j/neo4j-ogm-bolt-driver/3.1.0/d480c89f3037edbe6d5208f7a7cb44fb7468caba/neo4j-ogm-bolt-driver-3.1.0.jar:/home/aptx/.gradle/caches/modules-2/files-2.1/org.neo4j/neo4j-ogm-api/3.1.0/23ab38571b555a7ec55bcac74e6d123c02d1f44e/neo4j-ogm-api-3.1.0.jar:/home/aptx/.gradle/caches/modules-2/files-2.1/org.apache.httpcomponents/httpclient/4.5.5/1603dfd56ebcd583ccdf337b6c3984ac55d89e58/httpclient-4.5.5.jar:/home/aptx/.gradle/caches/modules-2/files-2.1/commons-io/commons-io/2.4/b1b6ea3b7e4aa4f492509a4952029cd8e48019ad/commons-io-2.4.jar:/home/aptx/.gradle/caches/modules-2/files-2.1/org.hibernate/hibernate-core/5.2.17.Final/f2dc36470e7a2ffcf6106bb1625ecf5b54bb5f65/hibernate-core-5.2.17.Final.jar:/home/aptx/.gradle/caches/modules-2/files-2.1/javax.transaction/javax.transaction-api/1.2/d81aff979d603edd90dcd8db2abc1f4ce6479e3e/javax.transaction-api-1.2.jar:/home/aptx/.gradle/caches/modules-2/files-2.1/org.springframework.data/spring-data-jpa/2.0.7.RELEASE/9f201f3d3435a9e5422e0edcff3475c46215ffb/spring-data-jpa-2.0.7.RELEASE.jar:/home/aptx/.gradle/caches/modules-2/files-2.1/org.springframework/spring-aspects/5.0.6.RELEASE/45a7631a64eb82625067587b9796d4418d9e0568/spring-aspects-5.0.6.RELEASE.jar:/home/aptx/.gradle/caches/modules-2/files-2.1/com.fasterxml.jackson.datatype/jackson-datatype-jdk8/2.9.5/23e37f085279ba316c0df923513b81609e1d1f6/jackson-datatype-jdk8-2.9.5.jar:/home/aptx/.gradle/caches/modules-2/files-2.1/com.fasterxml.jackson.datatype/jackson-datatype-jsr310/2.9.5/d1f0d11e816bc04e222a261106ca138801841c2d/jackson-datatype-jsr310-2.9.5.jar:/home/aptx/.gradle/caches/modules-2/files-2.1/com.fasterxml.jackson.module/jackson-module-parameter-names/2.9.5/f824c60751ffb7bfc3a0d30dfe0e42317d8e67f5/jackson-module-parameter-names-2.9.5.jar:/home/aptx/.gradle/caches/modules-2/files-2.1/com.fasterxml.jackson.core/jackson-databind/2.9.5/3490508379d065fe3fcb80042b62f630f7588606/jackson-databind-2.9.5.jar:/home/aptx/.gradle/caches/modules-2/files-2.1/org.springframework.integration/spring-integration-core/5.0.5.RELEASE/a9b2499fc54e7372e05f58bb59e8bf11d56a8f78/spring-integration-core-5.0.5.RELEASE.jar:/home/aptx/.gradle/caches/modules-2/files-2.1/org.eclipse.paho/org.eclipse.paho.client.mqttv3/1.2.0/d9496013da5936bf88f797290449d297d371062b/org.eclipse.paho.client.mqttv3-1.2.0.jar:/home/aptx/.gradle/caches/modules-2/files-2.1/org.springframework.boot/spring-boot-test-autoconfigure/2.0.2.RELEASE/4993bdd96a4c02bc5b5703862d99ef4c563f25d0/spring-boot-test-autoconfigure-2.0.2.RELEASE.jar:/home/aptx/.gradle/caches/modules-2/files-2.1/org.springframework.boot/spring-boot-test/2.0.2.RELEASE/fc85812e6543312a3b0ea9fbbdfd4a51183380a3/spring-boot-test-2.0.2.RELEASE.jar:/home/aptx/.gradle/caches/modules-2/files-2.1/com.jayway.jsonpath/json-path/2.4.0/765a4401ceb2dc8d40553c2075eb80a8fa35c2ae/json-path-2.4.0.jar:/home/aptx/.gradle/caches/modules-2/files-2.1/junit/junit/4.12/2973d150c0dc1fefe998f834810d68f278ea58ec/junit-4.12.jar:/home/aptx/.gradle/caches/modules-2/files-2.1/org.assertj/assertj-core/3.9.1/c5ce126b15f28d56cd8f960c1a6a058b9c9aea87/assertj-core-3.9.1.jar:/home/aptx/.gradle/caches/modules-2/files-2.1/org.mockito/mockito-core/2.15.0/b84bfbbc29cd22c9529409627af6ea2897f4fa85/mockito-core-2.15.0.jar:/home/aptx/.gradle/caches/modules-2/files-2.1/org.hamcrest/hamcrest-library/1.3/4785a3c21320980282f9f33d0d1264a69040538f/hamcrest-library-1.3.jar:/home/aptx/.gradle/caches/modules-2/files-2.1/org.hamcrest/hamcrest-core/1.3/42a25dc3219429f0e5d060061f71acb49bf010a0/hamcrest-core-1.3.jar:/home/aptx/.gradle/caches/modules-2/files-2.1/org.skyscreamer/jsonassert/1.5.0/6c9d5fe2f59da598d9aefc1cfc6528ff3cf32df3/jsonassert-1.5.0.jar:/home/aptx/.gradle/caches/modules-2/files-2.1/org.springframework/spring-test/5.0.6.RELEASE/dbc99b288774b2e07d94bc14fe38d556bc3ed34a/spring-test-5.0.6.RELEASE.jar:/home/aptx/.gradle/caches/modules-2/files-2.1/org.springframework.boot/spring-boot-autoconfigure/2.0.2.RELEASE/f4b25e753e4955337a138d8b1550236b5efe5b3b/spring-boot-autoconfigure-2.0.2.RELEASE.jar:/home/aptx/.gradle/caches/modules-2/files-2.1/org.springframework.boot/spring-boot/2.0.2.RELEASE/15012cf02e9f77938244e554f0598535fdd1cb38/spring-boot-2.0.2.RELEASE.jar:/home/aptx/.gradle/caches/modules-2/files-2.1/org.springframework/spring-context/5.0.6.RELEASE/8b73b742ef0ddce04f0f1068f305de240b00ce0d/spring-context-5.0.6.RELEASE.jar:/home/aptx/.gradle/caches/modules-2/files-2.1/org.springframework/spring-expression/5.0.6.RELEASE/dec57ae5e6f0dfd4c6cfc199aa13ed268c3e1a65/spring-expression-5.0.6.RELEASE.jar:/home/aptx/.gradle/caches/modules-2/files-2.1/org.springframework/spring-orm/5.0.6.RELEASE/7a08073597b79dfcd4db1cffa924f2b991a14a20/spring-orm-5.0.6.RELEASE.jar:/home/aptx/.gradle/caches/modules-2/files-2.1/org.springframework/spring-jdbc/5.0.6.RELEASE/7d4de1ee9b042774e09ceb88393e5a564e342729/spring-jdbc-5.0.6.RELEASE.jar:/home/aptx/.gradle/caches/modules-2/files-2.1/org.springframework/spring-tx/5.0.6.RELEASE/1b6ffc44f2d59507a0fce1084fcc21788b13904/spring-tx-5.0.6.RELEASE.jar:/home/aptx/.gradle/caches/modules-2/files-2.1/org.springframework.data/spring-data-commons/2.0.7.RELEASE/7faa0fb2ffa50a5c50ad9f10118095ae24d5c6e1/spring-data-commons-2.0.7.RELEASE.jar:/home/aptx/.gradle/caches/modules-2/files-2.1/org.springframework/spring-messaging/5.0.6.RELEASE/aa1d75a9595ac8681a82589d28573937ec1becee/spring-messaging-5.0.6.RELEASE.jar:/home/aptx/.gradle/caches/modules-2/files-2.1/org.springframework/spring-aop/5.0.6.RELEASE/74078df698992054c1c1a8f705763a6c7b4b914c/spring-aop-5.0.6.RELEASE.jar:/home/aptx/.gradle/caches/modules-2/files-2.1/org.springframework/spring-beans/5.0.6.RELEASE/d609b83cd8a71650a70778cf8d02c9a05b9161fe/spring-beans-5.0.6.RELEASE.jar:/home/aptx/.gradle/caches/modules-2/files-2.1/org.springframework/spring-core/5.0.6.RELEASE/984a52455b1be596b7f1a29f62d21d2f483eb764/spring-core-5.0.6.RELEASE.jar:/home/aptx/.gradle/caches/modules-2/files-2.1/org.xmlunit/xmlunit-core/2.5.1/4ffdb346572a7356f7521cd3119ce5287d2e339d/xmlunit-core-2.5.1.jar:/home/aptx/.gradle/caches/modules-2/files-2.1/org.springframework.boot/spring-boot-starter-logging/2.0.2.RELEASE/b56d7d1931792d6e58dbd41f956912359ba85238/spring-boot-starter-logging-2.0.2.RELEASE.jar:/home/aptx/.gradle/caches/modules-2/files-2.1/javax.annotation/javax.annotation-api/1.3.2/934c04d3cfef185a8008e7bf34331b79730a9d43/javax.annotation-api-1.3.2.jar:/home/aptx/.gradle/caches/modules-2/files-2.1/org.yaml/snakeyaml/1.19/2d998d3d674b172a588e54ab619854d073f555b5/snakeyaml-1.19.jar:/home/aptx/.gradle/caches/modules-2/files-2.1/org.apache.tomcat.embed/tomcat-embed-websocket/8.5.31/6564e716b89de5eaa0dd234ae7989576503ddf3/tomcat-embed-websocket-8.5.31.jar:/home/aptx/.gradle/caches/modules-2/files-2.1/org.apache.tomcat.embed/tomcat-embed-core/8.5.31/f5adf7ed8c34aa005b22b6a2dc7b6796e10e9c79/tomcat-embed-core-8.5.31.jar:/home/aptx/.gradle/caches/modules-2/files-2.1/org.apache.tomcat.embed/tomcat-embed-el/8.5.31/3a536e1ac71b82627c3a7408eb38fa0704cb9034/tomcat-embed-el-8.5.31.jar:/home/aptx/.gradle/caches/modules-2/files-2.1/javax.validation/validation-api/2.0.1.Final/cb855558e6271b1b32e716d24cb85c7f583ce09e/validation-api-2.0.1.Final.jar:/home/aptx/.gradle/caches/modules-2/files-2.1/org.hibernate.common/hibernate-commons-annotations/5.0.1.Final/71e1cff3fcb20d3b3af4f3363c3ddb24d33c6879/hibernate-commons-annotations-5.0.1.Final.jar:/home/aptx/.gradle/caches/modules-2/files-2.1/org.jboss.logging/jboss-logging/3.3.2.Final/3789d00e859632e6c6206adc0c71625559e6e3b0/jboss-logging-3.3.2.Final.jar:/home/aptx/.gradle/caches/modules-2/files-2.1/com.fasterxml/classmate/1.3.4/3d5f48f10bbe4eb7bd862f10c0583be2e0053c6/classmate-1.3.4.jar:/home/aptx/.gradle/caches/modules-2/files-2.1/com.zaxxer/HikariCP/2.7.9/a83113d2c091d0d0f853dad3217bd7df3beb6ae3/HikariCP-2.7.9.jar:/home/aptx/.gradle/caches/modules-2/files-2.1/ch.qos.logback/logback-classic/1.2.3/7c4f3c474fb2c041d8028740440937705ebb473a/logback-classic-1.2.3.jar:/home/aptx/.gradle/caches/modules-2/files-2.1/org.apache.logging.log4j/log4j-to-slf4j/2.10.0/f7e631ccf49cfc0aefa4a2a728da7d374c05bd3c/log4j-to-slf4j-2.10.0.jar:/home/aptx/.gradle/caches/modules-2/files-2.1/org.slf4j/jul-to-slf4j/1.7.25/af5364cd6679bfffb114f0dec8a157aaa283b76/jul-to-slf4j-1.7.25.jar:/home/aptx/.gradle/caches/modules-2/files-2.1/org.slf4j/slf4j-api/1.7.25/da76ca59f6a57ee3102f8f9bd9cee742973efa8a/slf4j-api-1.7.25.jar:/home/aptx/.gradle/caches/modules-2/files-2.1/commons-codec/commons-codec/1.11/3acb4705652e16236558f0f4f2192cc33c3bd189/commons-codec-1.11.jar:/home/aptx/.gradle/caches/modules-2/files-2.1/org.apache.httpcomponents/httpcore/4.4.9/a86ce739e5a7175b4b234c290a00a5fdb80957a0/httpcore-4.4.9.jar:/home/aptx/.gradle/caches/modules-2/files-2.1/org.aspectj/aspectjweaver/1.8.13/ad94df2a28d658a40dc27bbaff6a1ce5fbf04e9b/aspectjweaver-1.8.13.jar:/home/aptx/.gradle/caches/modules-2/files-2.1/org.hibernate.javax.persistence/hibernate-jpa-2.1-api/1.0.0.Final/5e731d961297e5a07290bfaf3db1fbc8bbbf405a/hibernate-jpa-2.1-api-1.0.0.Final.jar:/home/aptx/.gradle/caches/modules-2/files-2.1/org.javassist/javassist/3.22.0-GA/3e83394258ae2089be7219b971ec21a8288528ad/javassist-3.22.0-GA.jar:/home/aptx/.gradle/caches/modules-2/files-2.1/antlr/antlr/2.7.7/83cd2cd674a217ade95a4bb83a8a14f351f48bd0/antlr-2.7.7.jar:/home/aptx/.gradle/caches/modules-2/files-2.1/org.jboss/jandex/2.0.3.Final/bfc4d6257dbff7a33a357f0de116be6ff951d849/jandex-2.0.3.Final.jar:/home/aptx/.gradle/caches/modules-2/files-2.1/dom4j/dom4j/1.6.1/5d3ccc056b6f056dbf0dddfdf43894b9065a8f94/dom4j-1.6.1.jar:/home/aptx/.gradle/caches/modules-2/files-2.1/com.fasterxml.jackson.core/jackson-annotations/2.9.0/7c10d545325e3a6e72e06381afe469fd40eb701/jackson-annotations-2.9.0.jar:/home/aptx/.gradle/caches/modules-2/files-2.1/com.fasterxml.jackson.core/jackson-core/2.9.5/a22ac51016944b06fd9ffbc9541c6e7ce5eea117/jackson-core-2.9.5.jar:/home/aptx/.gradle/caches/modules-2/files-2.1/org.springframework.retry/spring-retry/1.2.2.RELEASE/638928732585c450e461f0a132b6834ad7cf3af0/spring-retry-1.2.2.RELEASE.jar:/home/aptx/.gradle/caches/modules-2/files-2.1/io.projectreactor/reactor-core/3.1.7.RELEASE/7e0bde8c9f08ad91ed314c6cb48e7bed6234dc71/reactor-core-3.1.7.RELEASE.jar:/home/aptx/.gradle/caches/modules-2/files-2.1/net.minidev/json-smart/2.3/7396407491352ce4fa30de92efb158adb76b5b/json-smart-2.3.jar:/home/aptx/.gradle/caches/modules-2/files-2.1/net.bytebuddy/byte-buddy/1.7.11/f02857a4e2c66ccbe7aaad6100a0a6c461bce9b3/byte-buddy-1.7.11.jar:/home/aptx/.gradle/caches/modules-2/files-2.1/net.bytebuddy/byte-buddy-agent/1.7.11/b425a8933ca07edd03c6dbc8bc3b595fba9780de/byte-buddy-agent-1.7.11.jar:/home/aptx/.gradle/caches/modules-2/files-2.1/org.objenesis/objenesis/2.6/639033469776fd37c08358c6b92a4761feb2af4b/objenesis-2.6.jar:/home/aptx/.gradle/caches/modules-2/files-2.1/com.vaadin.external.google/android-json/0.0.20131108.vaadin1/fa26d351fe62a6a17f5cda1287c1c6110dec413f/android-json-0.0.20131108.vaadin1.jar:/home/aptx/.gradle/caches/modules-2/files-2.1/org.springframework/spring-jcl/5.0.6.RELEASE/295ee4e8657e9c1fd327735c01d5fbce339cc44d/spring-jcl-5.0.6.RELEASE.jar:/home/aptx/.gradle/caches/modules-2/files-2.1/org.apache.commons/commons-lang3/3.7/557edd918fd41f9260963583ebf5a61a43a6b423/commons-lang3-3.7.jar:/home/aptx/.gradle/caches/modules-2/files-2.1/io.github.lukehutch/fast-classpath-scanner/2.7.4/f22492a913078ea2007adfb986da0a38753bd7d9/fast-classpath-scanner-2.7.4.jar:/home/aptx/.gradle/caches/modules-2/files-2.1/org.neo4j.driver/neo4j-java-driver/1.5.0/25d4467127d99340c9a7f02ab30ea19b15e52c88/neo4j-java-driver-1.5.0.jar:/home/aptx/.gradle/caches/modules-2/files-2.1/org.reactivestreams/reactive-streams/1.0.2/323964c36556eb0e6209f65c1cef72b53b461ab8/reactive-streams-1.0.2.jar:/home/aptx/.gradle/caches/modules-2/files-2.1/net.minidev/accessors-smart/1.2/c592b500269bfde36096641b01238a8350f8aa31/accessors-smart-1.2.jar:/home/aptx/.gradle/caches/modules-2/files-2.1/ch.qos.logback/logback-core/1.2.3/864344400c3d4d92dfeb0a305dc87d953677c03c/logback-core-1.2.3.jar:/home/aptx/.gradle/caches/modules-2/files-2.1/org.apache.logging.log4j/log4j-api/2.10.0/fec5797a55b786184a537abd39c3fa1449d752d6/log4j-api-2.10.0.jar:/home/aptx/.gradle/caches/modules-2/files-2.1/org.ow2.asm/asm/5.0.4/da08b8cce7bbf903602a25a3a163ae252435795/asm-5.0.4.jar, user.name=aptx, java.vm.specification.version=1.8, sun.java.command=worker.org.gradle.process.internal.worker.GradleWorkerMain 'Gradle Test Executor 1', java.home=/usr/java/jdk1.8.0_181-amd64/jre, sun.arch.data.model=64, user.language=zh, java.specification.vendor=Oracle Corporation, awt.toolkit=sun.awt.X11.XToolkit, java.vm.info=mixed mode, java.version=1.8.0_181, java.ext.dirs=/usr/java/jdk1.8.0_181-amd64/jre/lib/ext:/usr/java/packages/lib/ext, sun.boot.class.path=/usr/java/jdk1.8.0_181-amd64/jre/lib/resources.jar:/usr/java/jdk1.8.0_181-amd64/jre/lib/rt.jar:/usr/java/jdk1.8.0_181-amd64/jre/lib/sunrsasign.jar:/usr/java/jdk1.8.0_181-amd64/jre/lib/jsse.jar:/usr/java/jdk1.8.0_181-amd64/jre/lib/jce.jar:/usr/java/jdk1.8.0_181-amd64/jre/lib/charsets.jar:/usr/java/jdk1.8.0_181-amd64/jre/lib/jfr.jar:/usr/java/jdk1.8.0_181-amd64/jre/classes, java.vendor=Oracle Corporation, org.gradle.test.worker=1, file.separator=/, java.vendor.url.bug=http://bugreport.sun.com/bugreport/, sun.io.unicode.encoding=UnicodeLittle, sun.cpu.endian=little, sun.cpu.isalist=}}, SystemEnvironmentPropertySource@119949854 {name='systemEnvironment', properties={PATH=/usr/local/bin:/usr/bin:/bin:/usr/lib/mit/sbin:/snap/bin:/usr/java/jdk1.8.0_181-amd64/bin/:/usr/java/jdk1.8.0_181-amd64/jre/bin:/usr/local/julia-1.0.0/bin/:/usr/local/go/bin, XMODIFIERS=@im=fcitx, CONFIG_SITE=/usr/share/site/x86_64-unknown-linux-gnu, WINDOWMANAGER=/usr/bin/startkde, DBUS_SESSION_BUS_ADDRESS=unix:path=/run/user/1000/bus, JRE_HOME=/usr/java/jdk1.8.0_181-amd64/jre, MACHTYPE=x86_64-suse-linux, QT_AUTO_SCREEN_SCALE_FACTOR=0, SSH_AGENT_PID=1877, QT_SYSTEM_DIR=/usr/share/desktop-data, COLORTERM=1, CSHEDIT=emacs, XAUTHLOCALHOSTNAME=linux-76vd, SESSION_MANAGER=local/linux-76vd:@/tmp/.ICE-unix/1956,unix/linux-76vd:/tmp/.ICE-unix/1956, ALSA_CONFIG_PATH=/etc/alsa-pulse.conf, PWD=/home/aptx, LANGUAGE=, KDE_SESSION_VERSION=5, LESSOPEN=lessopen.sh %s, PAGER=less, HOSTTYPE=x86_64, GTK_MODULES=canberra-gtk-module, LC_CTYPE=zh_CN.UTF-8, SHLVL=2, HISTSIZE=1000, JAVA_ROOT=/usr/java/latest, SDL_AUDIODRIVER=pulse, JAVA_HOME=/usr/java/jdk1.8.0_181-amd64, KDE_SESSION_UID=1000, TERM=xterm, XDG_CONFIG_DIRS=/etc/xdg, XDG_SEAT_PATH=/org/freedesktop/DisplayManager/Seat0, XDG_SESSION_ID=2, socks_proxy=, G_BROKEN_FILENAMES=1, XNLSPATH=/usr/share/X11/nls, _=/home/aptx/idea-IU-183.4284.148/jre64/bin/java, XDG_SESSION_CLASS=user, XCURSOR_SIZE=0, SDK_HOME=/usr/java/latest, PROFILEREAD=true, CVS_RSH=ssh, DESKTOP_SESSION=/usr/share/xsessions/plasma5, DESKTOP_STARTUP_ID=linux-76vd;1545362996;716721;2000_TIME12387302, MAN_KEEP_FORMATTING=yes, MORE=-sl, GS_LIB=/home/aptx/.fonts, XAUTHORITY=/home/aptx/.Xauthority, https_proxy=, XDG_DATA_DIRS=/home/aptx/.local/share/flatpak/exports/share:/var/lib/flatpak/exports/share:/usr/local/share:/usr/share:/var/lib/snapd/desktop, GTK_IM_MODULE=fcitx, CPU=x86_64, HOST=linux-76vd, XSESSION_IS_UP=yes, XDG_CURRENT_DESKTOP=KDE, G_FILENAME_ENCODING=@locale,UTF-8,GB2312,GB18030,GBK,ISO-8859-1, MAIL=/var/spool/mail/aptx, MINICOM=-c on, OSTYPE=linux, LOGNAME=aptx, JDK_HOME=/usr/java/latest, XCURSOR_THEME=breeze_cursors, PYTHONPATH=/home/aptx/File/MachineLearning/facenet/src, SHELL=/bin/bash, GOPATH=/home/aptx/File/golang/, OLDPWD=/home/aptx/idea-IU-183.4284.148/bin, KDE_FULL_SESSION=true, SSH_ASKPASS=/usr/lib/ssh/ssh-askpass, XDG_SESSION_PATH=/org/freedesktop/DisplayManager/Session1, INPUT_METHOD=fcitx, LESS=-M -I -R, XDG_SESSION_DESKTOP=KDE, LESSCLOSE=lessclose.sh %s %s, QEMU_AUDIO_DRV=pa, MANPATH=/usr/local/man:/usr/share/man, QT_IM_MODULE=fcitx, JAVA_BINDIR=/usr/java/latest/bin, AUDIODRIVER=pulseaudio, LANG=zh_CN.UTF-8, XDG_SESSION_TYPE=x11, DISPLAY=:0, ftp_proxy=, PYTHONSTARTUP=/etc/pythonstart, LESSKEY=/etc/lesskey.bin, QT_IM_SWITCHER=imsw-multi, FROM_HEADER=, http_proxy=, GPG_TTY=不是一个 tty, USER=aptx, CLASSPATH=/home/aptx/idea-IU-183.4284.148/lib/bootstrap.jar:/home/aptx/idea-IU-183.4284.148/lib/extensions.jar:/home/aptx/idea-IU-183.4284.148/lib/util.jar:/home/aptx/idea-IU-183.4284.148/lib/jdom.jar:/home/aptx/idea-IU-183.4284.148/lib/log4j.jar:/home/aptx/idea-IU-183.4284.148/lib/trove4j.jar:/home/aptx/idea-IU-183.4284.148/lib/jna.jar:/home/aptx/idea-IU-183.4284.148/jre64/lib/tools.jar, XDG_SEAT=seat0, SSH_AUTH_SOCK=/tmp/ssh-4EyTwqEtT5yj/agent.1817, HOSTNAME=linux-76vd, XKEYSYMDB=/usr/X11R6/lib/X11/XKeysymDB, LESS_ADVANCED_PREPROCESSOR=no, XDG_RUNTIME_DIR=/run/user/1000, XDG_VTNR=7, HOME=/home/aptx}}]
11:32:13.515 [Test worker] DEBUG org.springframework.test.context.support.TestPropertySourceUtils - Adding inlined properties to environment: {spring.jmx.enabled=false, org.springframework.boot.test.context.SpringBootTestContextBootstrapper=true, server.port=-1}
11:32:13.515 [Test worker] DEBUG org.springframework.core.env.StandardEnvironment - Adding PropertySource 'Inlined Test Properties' with highest search precedence

  .   ____          _            __ _ _
 /\\ / ___'_ __ _ _(_)_ __  __ _ \ \ \ \
( ( )\___ | '_ | '_| | '_ \/ _` | \ \ \ \
 \\/  ___)| |_)| | | | | || (_| |  ) ) ) )
  '  |____| .__|_| |_|_| |_\__, | / / / /
 =========|_|==============|___/=/_/_/_/
 :: Spring Boot ::        (v2.0.2.RELEASE)

2018-12-21 11:32:19.867  INFO 16911 --- [    Test worker] c.r.server.ServerApplicationTests        : Starting ServerApplicationTests with PID 16911 (started by aptx in /home/aptx/File/java/server_relationship)
2018-12-21 11:32:19.870  INFO 16911 --- [    Test worker] c.r.server.ServerApplicationTests        : The following profiles are active: release
2018-12-21 11:32:19.972  INFO 16911 --- [    Test worker] o.s.w.c.s.GenericWebApplicationContext   : Refreshing org.springframework.web.context.support.GenericWebApplicationContext@7edd0685: startup date [Fri Dec 21 11:32:19 CST 2018]; root of context hierarchy
2018-12-21 11:32:21.049  INFO 16911 --- [    Test worker] o.s.b.f.s.DefaultListableBeanFactory     : Overriding bean definition for bean 'getMqttConnectOptions' with a different definition: replacing [Root bean: class [null]; scope=; abstract=false; lazyInit=false; autowireMode=3; dependencyCheck=0; autowireCandidate=true; primary=false; factoryBeanName=mqttReceiveConfig; factoryMethodName=getMqttConnectOptions; initMethodName=null; destroyMethodName=(inferred); defined in class path resource [com/relationship/config/MqttReceiveConfig.class]] with [Root bean: class [null]; scope=; abstract=false; lazyInit=false; autowireMode=3; dependencyCheck=0; autowireCandidate=true; primary=false; factoryBeanName=mqttSenderConfig; factoryMethodName=getMqttConnectOptions; initMethodName=null; destroyMethodName=(inferred); defined in class path resource [com/relationship/config/MqttSenderConfig.class]]
2018-12-21 11:32:21.050  INFO 16911 --- [    Test worker] o.s.b.f.s.DefaultListableBeanFactory     : Overriding bean definition for bean 'mqttClientFactory' with a different definition: replacing [Root bean: class [null]; scope=; abstract=false; lazyInit=false; autowireMode=3; dependencyCheck=0; autowireCandidate=true; primary=false; factoryBeanName=mqttReceiveConfig; factoryMethodName=mqttClientFactory; initMethodName=null; destroyMethodName=(inferred); defined in class path resource [com/relationship/config/MqttReceiveConfig.class]] with [Root bean: class [null]; scope=; abstract=false; lazyInit=false; autowireMode=3; dependencyCheck=0; autowireCandidate=true; primary=false; factoryBeanName=mqttSenderConfig; factoryMethodName=mqttClientFactory; initMethodName=null; destroyMethodName=(inferred); defined in class path resource [com/relationship/config/MqttSenderConfig.class]]
2018-12-21 11:32:21.342  INFO 16911 --- [    Test worker] .s.d.r.c.RepositoryConfigurationDelegate : Multiple Spring Data modules found, entering strict repository configuration mode!
2018-12-21 11:32:21.444  INFO 16911 --- [    Test worker] .RepositoryConfigurationExtensionSupport : Spring Data JPA - Could not safely identify store assignment for repository candidate interface com.relationship.repository.neo4j.ConsummateNeo4jRepository.
2018-12-21 11:32:21.449  INFO 16911 --- [    Test worker] .RepositoryConfigurationExtensionSupport : Spring Data JPA - Could not safely identify store assignment for repository candidate interface com.relationship.repository.neo4j.PersonRepository.
2018-12-21 11:32:21.454  INFO 16911 --- [    Test worker] .RepositoryConfigurationExtensionSupport : Spring Data JPA - Could not safely identify store assignment for repository candidate interface com.relationship.repository.neo4j.RelationshipRepository.
2018-12-21 11:32:21.542  INFO 16911 --- [    Test worker] .s.d.r.c.RepositoryConfigurationDelegate : Multiple Spring Data modules found, entering strict repository configuration mode!
2018-12-21 11:32:21.555  INFO 16911 --- [    Test worker] .RepositoryConfigurationExtensionSupport : Spring Data Neo4j - Could not safely identify store assignment for repository candidate interface com.relationship.repository.mysql.AddFriendMessageRepository.
2018-12-21 11:32:21.556  INFO 16911 --- [    Test worker] .RepositoryConfigurationExtensionSupport : Spring Data Neo4j - Could not safely identify store assignment for repository candidate interface com.relationship.repository.mysql.ConsummateJobRepository.
2018-12-21 11:32:21.557  INFO 16911 --- [    Test worker] .RepositoryConfigurationExtensionSupport : Spring Data Neo4j - Could not safely identify store assignment for repository candidate interface com.relationship.repository.mysql.FriendCircleCommentRepository.
2018-12-21 11:32:21.559  INFO 16911 --- [    Test worker] .RepositoryConfigurationExtensionSupport : Spring Data Neo4j - Could not safely identify store assignment for repository candidate interface com.relationship.repository.mysql.FriendCircleRepository.
2018-12-21 11:32:21.559  INFO 16911 --- [    Test worker] .RepositoryConfigurationExtensionSupport : Spring Data Neo4j - Could not safely identify store assignment for repository candidate interface com.relationship.repository.mysql.FriendManageRepository.
2018-12-21 11:32:21.560  INFO 16911 --- [    Test worker] .RepositoryConfigurationExtensionSupport : Spring Data Neo4j - Could not safely identify store assignment for repository candidate interface com.relationship.repository.mysql.MqttUserDao.
2018-12-21 11:32:21.561  INFO 16911 --- [    Test worker] .RepositoryConfigurationExtensionSupport : Spring Data Neo4j - Could not safely identify store assignment for repository candidate interface com.relationship.repository.mysql.UserDao.
2018-12-21 11:32:21.562  INFO 16911 --- [    Test worker] .RepositoryConfigurationExtensionSupport : Spring Data Neo4j - Could not safely identify store assignment for repository candidate interface com.relationship.repository.mysql.UserSessionDao.
2018-12-21 11:32:21.563  INFO 16911 --- [    Test worker] .RepositoryConfigurationExtensionSupport : Spring Data Neo4j - Could not safely identify store assignment for repository candidate interface com.relationship.repository.mysql.VerifacationRepository.
2018-12-21 11:32:21.564  INFO 16911 --- [    Test worker] .RepositoryConfigurationExtensionSupport : Spring Data Neo4j - Could not safely identify store assignment for repository candidate interface com.relationship.repository.mysql.VerificationCodeDao.
2018-12-21 11:32:21.663  INFO 16911 --- [    Test worker] o.s.i.config.IntegrationRegistrar        : No bean named 'integrationHeaderChannelRegistry' has been explicitly defined. Therefore, a default DefaultHeaderChannelRegistry will be created.
2018-12-21 11:32:22.301  INFO 16911 --- [    Test worker] faultConfiguringBeanFactoryPostProcessor : No bean named 'errorChannel' has been explicitly defined. Therefore, a default PublishSubscribeChannel will be created.
2018-12-21 11:32:22.309  INFO 16911 --- [    Test worker] faultConfiguringBeanFactoryPostProcessor : No bean named 'taskScheduler' has been explicitly defined. Therefore, a default ThreadPoolTaskScheduler will be created.
2018-12-21 11:32:22.901  INFO 16911 --- [    Test worker] trationDelegate$BeanPostProcessorChecker : Bean 'org.springframework.transaction.annotation.ProxyTransactionManagementConfiguration' of type [org.springframework.transaction.annotation.ProxyTransactionManagementConfiguration$$EnhancerBySpringCGLIB$$938323ad] is not eligible for getting processed by all BeanPostProcessors (for example: not eligible for auto-proxying)
2018-12-21 11:32:22.981  INFO 16911 --- [    Test worker] trationDelegate$BeanPostProcessorChecker : Bean 'org.springframework.boot.autoconfigure.data.neo4j.Neo4jDataAutoConfiguration' of type [org.springframework.boot.autoconfigure.data.neo4j.Neo4jDataAutoConfiguration$$EnhancerBySpringCGLIB$$675d76b9] is not eligible for getting processed by all BeanPostProcessors (for example: not eligible for auto-proxying)
2018-12-21 11:32:23.020  INFO 16911 --- [    Test worker] trationDelegate$BeanPostProcessorChecker : Bean 'org.springframework.boot.context.properties.ConversionServiceDeducer$Factory' of type [org.springframework.boot.context.properties.ConversionServiceDeducer$Factory] is not eligible for getting processed by all BeanPostProcessors (for example: not eligible for auto-proxying)
2018-12-21 11:32:23.050  INFO 16911 --- [    Test worker] trationDelegate$BeanPostProcessorChecker : Bean 'spring.data.neo4j-org.springframework.boot.autoconfigure.data.neo4j.Neo4jProperties' of type [org.springframework.boot.autoconfigure.data.neo4j.Neo4jProperties] is not eligible for getting processed by all BeanPostProcessors (for example: not eligible for auto-proxying)
2018-12-21 11:32:23.072  INFO 16911 --- [    Test worker] trationDelegate$BeanPostProcessorChecker : Bean 'configuration' of type [org.neo4j.ogm.config.Configuration] is not eligible for getting processed by all BeanPostProcessors (for example: not eligible for auto-proxying)
2018-12-21 11:32:23.488  INFO 16911 --- [    Test worker] org.neo4j.ogm.metadata.DomainInfo        : Starting Post-processing phase
2018-12-21 11:32:23.488  INFO 16911 --- [    Test worker] org.neo4j.ogm.metadata.DomainInfo        : Building annotation class map
2018-12-21 11:32:23.489  INFO 16911 --- [    Test worker] org.neo4j.ogm.metadata.DomainInfo        : Building interface class map for 66 classes
2018-12-21 11:32:23.505  INFO 16911 --- [    Test worker] org.neo4j.ogm.metadata.DomainInfo        : Post-processing complete
2018-12-21 11:32:23.558  INFO 16911 --- [    Test worker] trationDelegate$BeanPostProcessorChecker : Bean 'sessionFactory' of type [org.neo4j.ogm.session.SessionFactory] is not eligible for getting processed by all BeanPostProcessors (for example: not eligible for auto-proxying)
2018-12-21 11:32:23.584  INFO 16911 --- [    Test worker] trationDelegate$BeanPostProcessorChecker : Bean 'org.springframework.integration.config.IntegrationManagementConfiguration' of type [org.springframework.integration.config.IntegrationManagementConfiguration$$EnhancerBySpringCGLIB$$fe74dedc] is not eligible for getting processed by all BeanPostProcessors (for example: not eligible for auto-proxying)
2018-12-21 11:32:24.051  INFO 16911 --- [    Test worker] j.LocalContainerEntityManagerFactoryBean : Building JPA container EntityManagerFactory for persistence unit 'default'
2018-12-21 11:32:24.095  INFO 16911 --- [    Test worker] o.hibernate.jpa.internal.util.LogHelper  : HHH000204: Processing PersistenceUnitInfo [
	name: default
	...]
2018-12-21 11:32:24.261  INFO 16911 --- [    Test worker] org.hibernate.Version                    : HHH000412: Hibernate Core {5.2.17.Final}
2018-12-21 11:32:24.263  INFO 16911 --- [    Test worker] org.hibernate.cfg.Environment            : HHH000206: hibernate.properties not found
2018-12-21 11:32:24.348  INFO 16911 --- [    Test worker] o.hibernate.annotations.common.Version   : HCANN000001: Hibernate Commons Annotations {5.0.1.Final}
2018-12-21 11:32:24.614  INFO 16911 --- [    Test worker] com.zaxxer.hikari.HikariDataSource       : HikariPool-1 - Starting...
2018-12-21 11:32:25.408  INFO 16911 --- [    Test worker] com.zaxxer.hikari.HikariDataSource       : HikariPool-1 - Start completed.
2018-12-21 11:32:25.438  INFO 16911 --- [    Test worker] org.hibernate.dialect.Dialect            : HHH000400: Using dialect: org.hibernate.dialect.MySQL5Dialect
2018-12-21 11:32:27.304  INFO 16911 --- [    Test worker] j.LocalContainerEntityManagerFactoryBean : Initialized JPA EntityManagerFactory for persistence unit 'default'
2018-12-21 11:32:27.505  INFO 16911 --- [    Test worker] o.s.s.c.ThreadPoolTaskScheduler          : Initializing ExecutorService  'taskScheduler'
2018-12-21 11:32:27.898  WARN 16911 --- [    Test worker] o.s.d.n.mapping.Neo4jPersistentProperty  : No identity field found for class of type: com.relationship.domain.AddFriendMessageEntity when creating persistent property for : private long com.relationship.domain.AddFriendMessageEntity.id
2018-12-21 11:32:27.907  WARN 16911 --- [    Test worker] o.s.d.n.mapping.Neo4jPersistentProperty  : No identity field found for class of type: com.relationship.domain.AddFriendMessageEntity when creating persistent property for : private java.sql.Timestamp com.relationship.domain.AddFriendMessageEntity.gmtCreate
2018-12-21 11:32:27.910  WARN 16911 --- [    Test worker] o.s.d.n.mapping.Neo4jPersistentProperty  : No identity field found for class of type: com.relationship.domain.AddFriendMessageEntity when creating persistent property for : private java.lang.Long com.relationship.domain.AddFriendMessageEntity.userId
2018-12-21 11:32:27.912  WARN 16911 --- [    Test worker] o.s.d.n.mapping.Neo4jPersistentProperty  : No identity field found for class of type: com.relationship.domain.AddFriendMessageEntity when creating persistent property for : private java.lang.Long com.relationship.domain.AddFriendMessageEntity.friendUid
2018-12-21 11:32:27.916  WARN 16911 --- [    Test worker] o.s.d.n.mapping.Neo4jPersistentProperty  : No identity field found for class of type: com.relationship.domain.AddFriendMessageEntity when creating persistent property for : private int com.relationship.domain.AddFriendMessageEntity.star
2018-12-21 11:32:27.918  WARN 16911 --- [    Test worker] o.s.d.n.mapping.Neo4jPersistentProperty  : No identity field found for class of type: com.relationship.domain.AddFriendMessageEntity when creating persistent property for : private java.lang.String com.relationship.domain.AddFriendMessageEntity.message
2018-12-21 11:32:27.920  WARN 16911 --- [    Test worker] o.s.d.n.mapping.Neo4jPersistentProperty  : No identity field found for class of type: com.relationship.domain.AddFriendMessageEntity when creating persistent property for : private int com.relationship.domain.AddFriendMessageEntity.result
2018-12-21 11:32:27.923  WARN 16911 --- [    Test worker] o.s.d.n.mapping.Neo4jPersistentProperty  : No identity field found for class of type: com.relationship.domain.AddFriendMessageEntity when creating persistent property for : private java.sql.Timestamp com.relationship.domain.AddFriendMessageEntity.sendTime
2018-12-21 11:32:27.927  WARN 16911 --- [    Test worker] o.s.d.n.mapping.Neo4jPersistentProperty  : No identity field found for class of type: com.relationship.domain.AddFriendMessageEntity when creating persistent property for : private java.lang.String com.relationship.domain.AddFriendMessageEntity.type
2018-12-21 11:32:27.929  WARN 16911 --- [    Test worker] o.s.d.n.mapping.Neo4jPersistentProperty  : No identity field found for class of type: com.relationship.domain.AddFriendMessageEntity when creating persistent property for : private java.lang.String com.relationship.domain.AddFriendMessageEntity.remark
2018-12-21 11:32:27.936  WARN 16911 --- [    Test worker] o.s.d.n.mapping.Neo4jPersistentProperty  : No identity field found for class of type: com.relationship.service.VerificationCodeService when creating persistent property for : com.relationship.repository.mysql.VerificationCodeDao com.relationship.service.VerificationCodeService.verificationCodeDao
2018-12-21 11:32:27.945  WARN 16911 --- [    Test worker] o.s.d.n.mapping.Neo4jPersistentProperty  : No identity field found for class of type: com.relationship.controller.FileUploadController when creating persistent property for : private com.relationship.service.UploadService com.relationship.controller.FileUploadController.uploadService
2018-12-21 11:32:27.962  WARN 16911 --- [    Test worker] o.s.d.n.mapping.Neo4jPersistentProperty  : No identity field found for class of type: javax.servlet.http.HttpServletRequestWrapper when creating persistent property for : private javax.servlet.ServletRequest javax.servlet.ServletRequestWrapper.request
2018-12-21 11:32:27.966  WARN 16911 --- [    Test worker] o.s.d.n.mapping.Neo4jPersistentProperty  : Owning ClassInfo is null for property: org.springframework.beans.GenericTypeAwarePropertyDescriptor[name=contentLengthLong]
2018-12-21 11:32:27.968  WARN 16911 --- [    Test worker] o.s.d.n.mapping.Neo4jPersistentProperty  : Owning ClassInfo is null for property: org.springframework.beans.GenericTypeAwarePropertyDescriptor[name=scheme]
2018-12-21 11:32:27.970  WARN 16911 --- [    Test worker] o.s.d.n.mapping.Neo4jPersistentProperty  : Owning ClassInfo is null for property: org.springframework.beans.GenericTypeAwarePropertyDescriptor[name=remoteHost]
2018-12-21 11:32:27.971  WARN 16911 --- [    Test worker] o.s.d.n.mapping.Neo4jPersistentProperty  : Owning ClassInfo is null for property: org.springframework.beans.GenericTypeAwarePropertyDescriptor[name=reader]
2018-12-21 11:32:27.972  WARN 16911 --- [    Test worker] o.s.d.n.mapping.Neo4jPersistentProperty  : Owning ClassInfo is null for property: org.springframework.beans.GenericTypeAwarePropertyDescriptor[name=asyncStarted]
2018-12-21 11:32:27.973  WARN 16911 --- [    Test worker] o.s.d.n.mapping.Neo4jPersistentProperty  : Owning ClassInfo is null for property: org.springframework.beans.GenericTypeAwarePropertyDescriptor[name=serverName]
2018-12-21 11:32:27.974  WARN 16911 --- [    Test worker] o.s.d.n.mapping.Neo4jPersistentProperty  : Owning ClassInfo is null for property: org.springframework.beans.GenericTypeAwarePropertyDescriptor[name=parameterNames]
2018-12-21 11:32:27.975  WARN 16911 --- [    Test worker] o.s.d.n.mapping.Neo4jPersistentProperty  : Owning ClassInfo is null for property: org.springframework.beans.GenericTypeAwarePropertyDescriptor[name=locale]
2018-12-21 11:32:27.975  WARN 16911 --- [    Test worker] o.s.d.n.mapping.Neo4jPersistentProperty  : Owning ClassInfo is null for property: org.springframework.beans.GenericTypeAwarePropertyDescriptor[name=secure]
2018-12-21 11:32:27.976  WARN 16911 --- [    Test worker] o.s.d.n.mapping.Neo4jPersistentProperty  : Owning ClassInfo is null for property: org.springframework.beans.GenericTypeAwarePropertyDescriptor[name=serverPort]
2018-12-21 11:32:27.977  WARN 16911 --- [    Test worker] o.s.d.n.mapping.Neo4jPersistentProperty  : Owning ClassInfo is null for property: org.springframework.beans.GenericTypeAwarePropertyDescriptor[name=protocol]
2018-12-21 11:32:27.980  WARN 16911 --- [    Test worker] o.s.d.n.mapping.Neo4jPersistentProperty  : Owning ClassInfo is null for property: org.springframework.beans.GenericTypeAwarePropertyDescriptor[name=attributeNames]
2018-12-21 11:32:27.980  WARN 16911 --- [    Test worker] o.s.d.n.mapping.Neo4jPersistentProperty  : Owning ClassInfo is null for property: org.springframework.beans.GenericTypeAwarePropertyDescriptor[name=asyncSupported]
2018-12-21 11:32:27.981  WARN 16911 --- [    Test worker] o.s.d.n.mapping.Neo4jPersistentProperty  : Owning ClassInfo is null for property: org.springframework.beans.GenericTypeAwarePropertyDescriptor[name=contentType]
2018-12-21 11:32:27.986  WARN 16911 --- [    Test worker] o.s.d.n.mapping.Neo4jPersistentProperty  : Owning ClassInfo is null for property: org.springframework.beans.GenericTypeAwarePropertyDescriptor[name=localAddr]
2018-12-21 11:32:27.986  WARN 16911 --- [    Test worker] o.s.d.n.mapping.Neo4jPersistentProperty  : Owning ClassInfo is null for property: org.springframework.beans.GenericTypeAwarePropertyDescriptor[name=parameterMap]
2018-12-21 11:32:27.987  WARN 16911 --- [    Test worker] o.s.d.n.mapping.Neo4jPersistentProperty  : Owning ClassInfo is null for property: org.springframework.beans.GenericTypeAwarePropertyDescriptor[name=remoteAddr]
2018-12-21 11:32:27.988  WARN 16911 --- [    Test worker] o.s.d.n.mapping.Neo4jPersistentProperty  : Owning ClassInfo is null for property: org.springframework.beans.GenericTypeAwarePropertyDescriptor[name=localPort]
2018-12-21 11:32:27.989  WARN 16911 --- [    Test worker] o.s.d.n.mapping.Neo4jPersistentProperty  : Owning ClassInfo is null for property: org.springframework.beans.GenericTypeAwarePropertyDescriptor[name=servletContext]
2018-12-21 11:32:27.990  WARN 16911 --- [    Test worker] o.s.d.n.mapping.Neo4jPersistentProperty  : Owning ClassInfo is null for property: org.springframework.beans.GenericTypeAwarePropertyDescriptor[name=remotePort]
2018-12-21 11:32:27.991  WARN 16911 --- [    Test worker] o.s.d.n.mapping.Neo4jPersistentProperty  : Owning ClassInfo is null for property: org.springframework.beans.GenericTypeAwarePropertyDescriptor[name=inputStream]
2018-12-21 11:32:27.992  WARN 16911 --- [    Test worker] o.s.d.n.mapping.Neo4jPersistentProperty  : Owning ClassInfo is null for property: org.springframework.beans.GenericTypeAwarePropertyDescriptor[name=localName]
2018-12-21 11:32:27.994  WARN 16911 --- [    Test worker] o.s.d.n.mapping.Neo4jPersistentProperty  : Owning ClassInfo is null for property: org.springframework.beans.GenericTypeAwarePropertyDescriptor[name=locales]
2018-12-21 11:32:27.995  WARN 16911 --- [    Test worker] o.s.d.n.mapping.Neo4jPersistentProperty  : Owning ClassInfo is null for property: org.springframework.beans.GenericTypeAwarePropertyDescriptor[name=dispatcherType]
2018-12-21 11:32:27.996  WARN 16911 --- [    Test worker] o.s.d.n.mapping.Neo4jPersistentProperty  : Owning ClassInfo is null for property: org.springframework.beans.GenericTypeAwarePropertyDescriptor[name=contentLength]
[...]
2018-12-21 11:32:32.267  INFO 16911 --- [    Test worker] s.w.s.m.m.a.RequestMappingHandlerMapping : Mapped "{[/api/remove_blacklist],methods=[POST]}" onto public com.relationship.utils.message.ResponseResult com.relationship.controller.FriendsManageController.moveBlacklist(java.util.Map<java.lang.String, java.lang.Object>)
2018-12-21 11:32:32.267  INFO 16911 --- [    Test worker] s.w.s.m.m.a.RequestMappingHandlerMapping : Mapped "{[/api/find_blacklist],methods=[POST]}" onto public com.relationship.utils.message.ResponseResult com.relationship.controller.FriendsManageController.blacklistFriend(java.util.Map<java.lang.String, java.lang.Object>)
2018-12-21 11:32:32.268  INFO 16911 --- [    Test worker] s.w.s.m.m.a.RequestMappingHandlerMapping : Mapped "{[/api/get_all_friend],methods=[POST]}" onto public com.relationship.utils.message.ResponseResult com.relationship.controller.FriendsManageController.allFriend(java.util.Map<java.lang.String, java.lang.Object>)
2018-12-21 11:32:32.269  INFO 16911 --- [    Test worker] s.w.s.m.m.a.RequestMappingHandlerMapping : Mapped "{[/api/node_path],methods=[POST]}" onto public com.relationship.utils.message.ResponseResult com.relationship.controller.FriendsManageController.shortestPath(java.util.Map<java.lang.String, java.lang.Object>)
2018-12-21 11:32:32.269  INFO 16911 --- [    Test worker] s.w.s.m.m.a.RequestMappingHandlerMapping : Mapped "{[/api/search_with_job],methods=[POST]}" onto public com.relationship.utils.message.ResponseResult com.relationship.controller.FriendsManageController.shortestPathByJob(java.util.Map<java.lang.String, java.lang.Object>)
2018-12-21 11:32:32.270  INFO 16911 --- [    Test worker] s.w.s.m.m.a.RequestMappingHandlerMapping : Mapped "{[/api/set_remark_tab],methods=[POST]}" onto public com.relationship.utils.message.ResponseResult com.relationship.controller.FriendsManageController.setRemarkTab(java.util.Map<java.lang.String, java.lang.Object>)
2018-12-21 11:32:32.270  INFO 16911 --- [    Test worker] s.w.s.m.m.a.RequestMappingHandlerMapping : Mapped "{[/api/set_star],methods=[POST]}" onto public com.relationship.utils.message.ResponseResult com.relationship.controller.FriendsManageController.setStar(java.util.Map<java.lang.String, java.lang.Object>)
2018-12-21 11:32:32.272  INFO 16911 --- [    Test worker] s.w.s.m.m.a.RequestMappingHandlerMapping : Mapped "{[/testapi/mqttpush]}" onto public java.lang.String com.relationship.controller.TestController.mqttpush(java.lang.String,java.lang.String)
2018-12-21 11:32:32.273  INFO 16911 --- [    Test worker] s.w.s.m.m.a.RequestMappingHandlerMapping : Mapped "{[/testapi/test],methods=[POST]}" onto public java.lang.String com.relationship.controller.TestController.test(com.relationship.domain.UserEntity)
2018-12-21 11:32:32.295  INFO 16911 --- [    Test worker] s.w.s.m.m.a.RequestMappingHandlerMapping : Mapped "{[/api/login]}" onto public com.relationship.utils.message.ResponseResult com.relationship.controller.UserController.login(java.util.Map<java.lang.String, java.lang.Object>)
2018-12-21 11:32:32.296  INFO 16911 --- [    Test worker] s.w.s.m.m.a.RequestMappingHandlerMapping : Mapped "{[/api/set_user_info]}" onto public com.relationship.utils.message.ResponseResult com.relationship.controller.UserController.setUserInfo(java.util.Map<java.lang.String, java.lang.String>)
2018-12-21 11:32:32.296  INFO 16911 --- [    Test worker] s.w.s.m.m.a.RequestMappingHandlerMapping : Mapped "{[/api/set_user_logo]}" onto public com.relationship.utils.message.ResponseResult com.relationship.controller.UserController.setUserLogo(java.util.Map<java.lang.String, java.lang.String>)
2018-12-21 11:32:32.297  INFO 16911 --- [    Test worker] s.w.s.m.m.a.RequestMappingHandlerMapping : Mapped "{[/api/set_user_password]}" onto public com.relationship.utils.message.ResponseResult com.relationship.controller.UserController.setUserPassword(java.util.Map<java.lang.String, java.lang.String>,javax.servlet.http.HttpServletResponse)
2018-12-21 11:32:32.298  INFO 16911 --- [    Test worker] s.w.s.m.m.a.RequestMappingHandlerMapping : Mapped "{[/api/reset_password]}" onto public com.relationship.utils.message.ResponseResult com.relationship.controller.UserController.resetPassword(java.util.Map<java.lang.String, java.lang.String>,javax.servlet.http.HttpServletResponse)
2018-12-21 11:32:32.299  INFO 16911 --- [    Test worker] s.w.s.m.m.a.RequestMappingHandlerMapping : Mapped "{[/api/set_privacy_info]}" onto public com.relationship.utils.message.ResponseResult com.relationship.controller.UserController.setPrivacyInfo(java.util.Map<java.lang.String, java.lang.String>)
2018-12-21 11:32:32.299  INFO 16911 --- [    Test worker] s.w.s.m.m.a.RequestMappingHandlerMapping : Mapped "{[/api/get_privacy_info]}" onto public com.relationship.utils.message.ResponseResult com.relationship.controller.UserController.getPrivacyInfo(java.util.Map<java.lang.String, java.lang.String>)
2018-12-21 11:32:32.300  INFO 16911 --- [    Test worker] s.w.s.m.m.a.RequestMappingHandlerMapping : Mapped "{[/api/register]}" onto public com.relationship.utils.message.ResponseResult com.relationship.controller.UserController.register(java.util.Map<java.lang.String, java.lang.Object>)
2018-12-21 11:32:32.301  INFO 16911 --- [    Test worker] s.w.s.m.m.a.RequestMappingHandlerMapping : Mapped "{[/api/get_user_info]}" onto public com.relationship.utils.message.ResponseResult com.relationship.controller.UserController.getUserInfo(java.util.Map<java.lang.String, java.lang.String>)
2018-12-21 11:32:32.303  INFO 16911 --- [    Test worker] s.w.s.m.m.a.RequestMappingHandlerMapping : Mapped "{[/api/sendverificationcode]}" onto public com.relationship.utils.message.ResponseResult com.relationship.controller.VerificationCodeController.sendVerificationCode(java.util.Map<java.lang.String, java.lang.Object>)
2018-12-21 11:32:32.305  INFO 16911 --- [    Test worker] s.w.s.m.m.a.RequestMappingHandlerMapping : Mapped "{[/api/get_identity],methods=[POST]}" onto public com.relationship.utils.message.ResponseResult com.relationship.controller.VerificationController.getIdentity(java.util.Map<java.lang.String, java.lang.String>)
2018-12-21 11:32:32.306  INFO 16911 --- [    Test worker] s.w.s.m.m.a.RequestMappingHandlerMapping : Mapped "{[/api/set_identity],methods=[POST]}" onto public com.relationship.utils.message.ResponseResult com.relationship.controller.VerificationController.identityVerification(java.util.Map<java.lang.String, java.lang.Object>)
2018-12-21 11:32:32.307  INFO 16911 --- [    Test worker] s.w.s.m.m.a.RequestMappingHandlerMapping : Mapped "{[/api/education],methods=[POST]}" onto public com.relationship.utils.message.ResponseResult com.relationship.controller.VerificationController.educationVerification(java.util.Map<java.lang.String, java.lang.Object>)
2018-12-21 11:32:32.357  INFO 16911 --- [    Test worker] s.w.s.m.m.a.RequestMappingHandlerMapping : Mapped "{[/error],produces=[text/html]}" onto public org.springframework.web.servlet.ModelAndView org.springframework.boot.autoconfigure.web.servlet.error.BasicErrorController.errorHtml(javax.servlet.http.HttpServletRequest,javax.servlet.http.HttpServletResponse)
2018-12-21 11:32:32.358  INFO 16911 --- [    Test worker] s.w.s.m.m.a.RequestMappingHandlerMapping : Mapped "{[/error]}" onto public org.springframework.http.ResponseEntity<java.util.Map<java.lang.String, java.lang.Object>> org.springframework.boot.autoconfigure.web.servlet.error.BasicErrorController.error(javax.servlet.http.HttpServletRequest)
2018-12-21 11:32:32.459  INFO 16911 --- [    Test worker] o.s.w.s.handler.SimpleUrlHandlerMapping  : Mapped URL path [/webjars/**] onto handler of type [class org.springframework.web.servlet.resource.ResourceHttpRequestHandler]
2018-12-21 11:32:32.460  INFO 16911 --- [    Test worker] o.s.w.s.handler.SimpleUrlHandlerMapping  : Mapped URL path [/id_card_image/**] onto handler of type [class org.springframework.web.servlet.resource.ResourceHttpRequestHandler]
2018-12-21 11:32:32.461  INFO 16911 --- [    Test worker] o.s.w.s.handler.SimpleUrlHandlerMapping  : Mapped URL path [/logo/**] onto handler of type [class org.springframework.web.servlet.resource.ResourceHttpRequestHandler]
2018-12-21 11:32:33.286  INFO 16911 --- [    Test worker] o.s.c.support.DefaultLifecycleProcessor  : Starting beans in phase -2147483648
2018-12-21 11:32:33.287  INFO 16911 --- [    Test worker] o.s.i.endpoint.EventDrivenConsumer       : Adding {message-handler:mqttReceiveConfig.handler.serviceActivator} as a subscriber to the 'mqttInputChannel' channel
2018-12-21 11:32:33.289  INFO 16911 --- [    Test worker] o.s.integration.channel.DirectChannel    : Channel 'application.mqttInputChannel' has 1 subscriber(s).
2018-12-21 11:32:33.290  INFO 16911 --- [    Test worker] o.s.i.endpoint.EventDrivenConsumer       : started mqttReceiveConfig.handler.serviceActivator
2018-12-21 11:32:33.291  INFO 16911 --- [    Test worker] o.s.i.endpoint.EventDrivenConsumer       : Adding {message-handler:mqttSenderConfig.mqttOutbound.serviceActivator} as a subscriber to the 'mqttOutboundChannel' channel
2018-12-21 11:32:33.292  INFO 16911 --- [    Test worker] o.s.integration.channel.DirectChannel    : Channel 'application.mqttOutboundChannel' has 1 subscriber(s).
2018-12-21 11:32:33.294  INFO 16911 --- [    Test worker] o.s.i.endpoint.EventDrivenConsumer       : started mqttSenderConfig.mqttOutbound.serviceActivator
2018-12-21 11:32:33.295  INFO 16911 --- [    Test worker] o.s.c.support.DefaultLifecycleProcessor  : Starting beans in phase 0
2018-12-21 11:32:33.296  INFO 16911 --- [    Test worker] ProxyFactoryBean$MethodInvocationGateway : started mqttGateway
2018-12-21 11:32:33.297  INFO 16911 --- [    Test worker] o.s.i.gateway.GatewayProxyFactoryBean    : started mqttGateway
2018-12-21 11:32:33.299  INFO 16911 --- [    Test worker] o.s.i.endpoint.EventDrivenConsumer       : Adding {logging-channel-adapter:_org.springframework.integration.errorLogger} as a subscriber to the 'errorChannel' channel
2018-12-21 11:32:33.300  INFO 16911 --- [    Test worker] o.s.i.channel.PublishSubscribeChannel    : Channel 'application.errorChannel' has 1 subscriber(s).
2018-12-21 11:32:33.301  INFO 16911 --- [    Test worker] o.s.i.endpoint.EventDrivenConsumer       : started _org.springframework.integration.errorLogger
2018-12-21 11:32:33.302  INFO 16911 --- [    Test worker] o.s.c.support.DefaultLifecycleProcessor  : Starting beans in phase 1073741823
2018-12-21 11:32:33.398 ERROR 16911 --- [    Test worker] .m.i.MqttPahoMessageDrivenChannelAdapter : Error connecting or subscribing to [server]

org.eclipse.paho.client.mqttv3.MqttException: 无法连接至服务器
	at org.eclipse.paho.client.mqttv3.internal.TCPNetworkModule.start(TCPNetworkModule.java:94) ~[org.eclipse.paho.client.mqttv3-1.2.0.jar:na]
	at org.eclipse.paho.client.mqttv3.internal.ClientComms$ConnectBG.run(ClientComms.java:701) ~[org.eclipse.paho.client.mqttv3-1.2.0.jar:na]
	at java.util.concurrent.Executors$RunnableAdapter.call(Executors.java:511) ~[na:1.8.0_181]
	at java.util.concurrent.FutureTask.run(FutureTask.java:266) ~[na:1.8.0_181]
	at java.util.concurrent.ScheduledThreadPoolExecutor$ScheduledFutureTask.access$201(ScheduledThreadPoolExecutor.java:180) ~[na:1.8.0_181]
	at java.util.concurrent.ScheduledThreadPoolExecutor$ScheduledFutureTask.run(ScheduledThreadPoolExecutor.java:293) ~[na:1.8.0_181]
	at java.util.concurrent.ThreadPoolExecutor.runWorker(ThreadPoolExecutor.java:1149) ~[na:1.8.0_181]
	at java.util.concurrent.ThreadPoolExecutor$Worker.run(ThreadPoolExecutor.java:624) ~[na:1.8.0_181]
	at java.lang.Thread.run(Thread.java:748) ~[na:1.8.0_181]
Caused by: java.net.ConnectException: 拒绝连接 (Connection refused)
	at java.net.PlainSocketImpl.socketConnect(Native Method) ~[na:1.8.0_181]
	at java.net.AbstractPlainSocketImpl.doConnect(AbstractPlainSocketImpl.java:350) ~[na:1.8.0_181]
	at java.net.AbstractPlainSocketImpl.connectToAddress(AbstractPlainSocketImpl.java:206) ~[na:1.8.0_181]
	at java.net.AbstractPlainSocketImpl.connect(AbstractPlainSocketImpl.java:188) ~[na:1.8.0_181]
	at java.net.SocksSocketImpl.connect(SocksSocketImpl.java:392) ~[na:1.8.0_181]
	at java.net.Socket.connect(Socket.java:589) ~[na:1.8.0_181]
	at org.eclipse.paho.client.mqttv3.internal.TCPNetworkModule.start(TCPNetworkModule.java:84) ~[org.eclipse.paho.client.mqttv3-1.2.0.jar:na]
	... 8 common frames omitted

2018-12-21 11:32:33.412 ERROR 16911 --- [    Test worker] .m.i.MqttPahoMessageDrivenChannelAdapter : Exception while connecting and subscribing, retrying

org.eclipse.paho.client.mqttv3.MqttException: 无法连接至服务器
	at org.eclipse.paho.client.mqttv3.internal.TCPNetworkModule.start(TCPNetworkModule.java:94) ~[org.eclipse.paho.client.mqttv3-1.2.0.jar:na]
	at org.eclipse.paho.client.mqttv3.internal.ClientComms$ConnectBG.run(ClientComms.java:701) ~[org.eclipse.paho.client.mqttv3-1.2.0.jar:na]
	at java.util.concurrent.Executors$RunnableAdapter.call(Executors.java:511) ~[na:1.8.0_181]
	at java.util.concurrent.FutureTask.run(FutureTask.java:266) ~[na:1.8.0_181]
	at java.util.concurrent.ScheduledThreadPoolExecutor$ScheduledFutureTask.access$201(ScheduledThreadPoolExecutor.java:180) ~[na:1.8.0_181]
	at java.util.concurrent.ScheduledThreadPoolExecutor$ScheduledFutureTask.run(ScheduledThreadPoolExecutor.java:293) ~[na:1.8.0_181]
	at java.util.concurrent.ThreadPoolExecutor.runWorker(ThreadPoolExecutor.java:1149) ~[na:1.8.0_181]
	at java.util.concurrent.ThreadPoolExecutor$Worker.run(ThreadPoolExecutor.java:624) ~[na:1.8.0_181]
	at java.lang.Thread.run(Thread.java:748) ~[na:1.8.0_181]
Caused by: java.net.ConnectException: 拒绝连接 (Connection refused)
	at java.net.PlainSocketImpl.socketConnect(Native Method) ~[na:1.8.0_181]
	at java.net.AbstractPlainSocketImpl.doConnect(AbstractPlainSocketImpl.java:350) ~[na:1.8.0_181]
	at java.net.AbstractPlainSocketImpl.connectToAddress(AbstractPlainSocketImpl.java:206) ~[na:1.8.0_181]
	at java.net.AbstractPlainSocketImpl.connect(AbstractPlainSocketImpl.java:188) ~[na:1.8.0_181]
	at java.net.SocksSocketImpl.connect(SocksSocketImpl.java:392) ~[na:1.8.0_181]
	at java.net.Socket.connect(Socket.java:589) ~[na:1.8.0_181]
	at org.eclipse.paho.client.mqttv3.internal.TCPNetworkModule.start(TCPNetworkModule.java:84) ~[org.eclipse.paho.client.mqttv3-1.2.0.jar:na]
	... 8 common frames omitted

2018-12-21 11:32:33.425  INFO 16911 --- [    Test worker] .m.i.MqttPahoMessageDrivenChannelAdapter : started inbound
2018-12-21 11:32:33.447  INFO 16911 --- [    Test worker] c.r.server.ServerApplicationTests        : Started ServerApplicationTests in 19.915 seconds (JVM running for 24.37)
]]></system-out>
  <system-err><![CDATA[Fri Dec 21 11:32:24 CST 2018 WARN: Establishing SSL connection without server's identity verification is not recommended. According to MySQL 5.5.45+, 5.6.26+ and 5.7.6+ requirements SSL connection must be established by default if explicit option isn't set. For compliance with existing applications not using SSL the verifyServerCertificate property is set to 'false'. You need either to explicitly disable SSL by setting useSSL=false, or set useSSL=true and provide truststore for server certificate verification.
Fri Dec 21 11:32:25 CST 2018 WARN: Establishing SSL connection without server's identity verification is not recommended. According to MySQL 5.5.45+, 5.6.26+ and 5.7.6+ requirements SSL connection must be established by default if explicit option isn't set. For compliance with existing applications not using SSL the verifyServerCertificate property is set to 'false'. You need either to explicitly disable SSL by setting useSSL=false, or set useSSL=true and provide truststore for server certificate verification.
Fri Dec 21 11:32:25 CST 2018 WARN: Establishing SSL connection without server's identity verification is not recommended. According to MySQL 5.5.45+, 5.6.26+ and 5.7.6+ requirements SSL connection must be established by default if explicit option isn't set. For compliance with existing applications not using SSL the verifyServerCertificate property is set to 'false'. You need either to explicitly disable SSL by setting useSSL=false, or set useSSL=true and provide truststore for server certificate verification.
Fri Dec 21 11:32:25 CST 2018 WARN: Establishing SSL connection without server's identity verification is not recommended. According to MySQL 5.5.45+, 5.6.26+ and 5.7.6+ requirements SSL connection must be established by default if explicit option isn't set. For compliance with existing applications not using SSL the verifyServerCertificate property is set to 'false'. You need either to explicitly disable SSL by setting useSSL=false, or set useSSL=true and provide truststore for server certificate verification.
Fri Dec 21 11:32:25 CST 2018 WARN: Establishing SSL connection without server's identity verification is not recommended. According to MySQL 5.5.45+, 5.6.26+ and 5.7.6+ requirements SSL connection must be established by default if explicit option isn't set. For compliance with existing applications not using SSL the verifyServerCertificate property is set to 'false'. You need either to explicitly disable SSL by setting useSSL=false, or set useSSL=true and provide truststore for server certificate verification.
Fri Dec 21 11:32:25 CST 2018 WARN: Establishing SSL connection without server's identity verification is not recommended. According to MySQL 5.5.45+, 5.6.26+ and 5.7.6+ requirements SSL connection must be established by default if explicit option isn't set. For compliance with existing applications not using SSL the verifyServerCertificate property is set to 'false'. You need either to explicitly disable SSL by setting useSSL=false, or set useSSL=true and provide truststore for server certificate verification.
Fri Dec 21 11:32:25 CST 2018 WARN: Establishing SSL connection without server's identity verification is not recommended. According to MySQL 5.5.45+, 5.6.26+ and 5.7.6+ requirements SSL connection must be established by default if explicit option isn't set. For compliance with existing applications not using SSL the verifyServerCertificate property is set to 'false'. You need either to explicitly disable SSL by setting useSSL=false, or set useSSL=true and provide truststore for server certificate verification.
Fri Dec 21 11:32:25 CST 2018 WARN: Establishing SSL connection without server's identity verification is not recommended. According to MySQL 5.5.45+, 5.6.26+ and 5.7.6+ requirements SSL connection must be established by default if explicit option isn't set. For compliance with existing applications not using SSL the verifyServerCertificate property is set to 'false'. You need either to explicitly disable SSL by setting useSSL=false, or set useSSL=true and provide truststore for server certificate verification.
Fri Dec 21 11:32:25 CST 2018 WARN: Establishing SSL connection without server's identity verification is not recommended. According to MySQL 5.5.45+, 5.6.26+ and 5.7.6+ requirements SSL connection must be established by default if explicit option isn't set. For compliance with existing applications not using SSL the verifyServerCertificate property is set to 'false'. You need either to explicitly disable SSL by setting useSSL=false, or set useSSL=true and provide truststore for server certificate verification.
Fri Dec 21 11:32:25 CST 2018 WARN: Establishing SSL connection without server's identity verification is not recommended. According to MySQL 5.5.45+, 5.6.26+ and 5.7.6+ requirements SSL connection must be established by default if explicit option isn't set. For compliance with existing applications not using SSL the verifyServerCertificate property is set to 'false'. You need either to explicitly disable SSL by setting useSSL=false, or set useSSL=true and provide truststore for server certificate verification.
]]></system-err>
</testsuite>
